{"numFailedTestSuites":1,"numFailedTests":5,"numPassedTestSuites":1,"numPassedTests":4,"numPendingTestSuites":0,"numPendingTests":0,"numRuntimeErrorTestSuites":0,"numTodoTests":0,"numTotalTestSuites":2,"numTotalTests":9,"openHandles":[],"snapshot":{"added":0,"didUpdate":false,"failure":false,"filesAdded":0,"filesRemoved":0,"filesRemovedList":[],"filesUnmatched":0,"filesUpdated":0,"matched":0,"total":0,"unchecked":0,"uncheckedKeysByFile":[],"unmatched":0,"updated":0},"startTime":1764450105601,"success":false,"testResults":[{"assertionResults":[{"ancestorTitles":["Auth Controller","POST /api/auth/signup"],"duration":154,"failing":false,"failureDetails":[],"failureMessages":[],"fullName":"Auth Controller POST /api/auth/signup should create a new user successfully","invocations":1,"location":null,"numPassingAsserts":3,"retryReasons":[],"startAt":1764450110203,"status":"passed","title":"should create a new user successfully"},{"ancestorTitles":["Auth Controller","POST /api/auth/signup"],"duration":12,"failing":false,"failureDetails":[],"failureMessages":[],"fullName":"Auth Controller POST /api/auth/signup should return error if user already exists","invocations":1,"location":null,"numPassingAsserts":2,"retryReasons":[],"startAt":1764450110357,"status":"passed","title":"should return error if user already exists"},{"ancestorTitles":["Auth Controller","POST /api/auth/login"],"duration":24,"failing":false,"failureDetails":[],"failureMessages":[],"fullName":"Auth Controller POST /api/auth/login should login user with valid credentials","invocations":1,"location":null,"numPassingAsserts":3,"retryReasons":[],"startAt":1764450110370,"status":"passed","title":"should login user with valid credentials"},{"ancestorTitles":["Auth Controller","POST /api/auth/login"],"duration":10,"failing":false,"failureDetails":[],"failureMessages":[],"fullName":"Auth Controller POST /api/auth/login should return error with invalid credentials","invocations":1,"location":null,"numPassingAsserts":2,"retryReasons":[],"startAt":1764450110394,"status":"passed","title":"should return error with invalid credentials"}],"endTime":1764450110406,"message":"","name":"C:\\Users\\HomePC\\Desktop\\Task-Manger\\Task-Manger-backend\\tests\\unit\\authController.test.js","startTime":1764450106475,"status":"passed","summary":""},{"assertionResults":[{"ancestorTitles":["Task API Integration Tests","GET /api/tasks"],"duration":50,"failing":false,"failureDetails":[{"matcherResult":{"actual":401,"expected":200,"message":"\u001b[2mexpect(\u001b[22m\u001b[31mreceived\u001b[39m\u001b[2m).\u001b[22mtoBe\u001b[2m(\u001b[22m\u001b[32mexpected\u001b[39m\u001b[2m) // Object.is equality\u001b[22m\n\nExpected: \u001b[32m200\u001b[39m\nReceived: \u001b[31m401\u001b[39m","name":"toBe","pass":false}}],"failureMessages":["Error: \u001b[2mexpect(\u001b[22m\u001b[31mreceived\u001b[39m\u001b[2m).\u001b[22mtoBe\u001b[2m(\u001b[22m\u001b[32mexpected\u001b[39m\u001b[2m) // Object.is equality\u001b[22m\n\nExpected: \u001b[32m200\u001b[39m\nReceived: \u001b[31m401\u001b[39m\n    at Object.toBe (C:\\Users\\HomePC\\Desktop\\Task-Manger\\Task-Manger-backend\\tests\\integration\\tasks.test.js:70:37)\n    at processTicksAndRejections (node:internal/process/task_queues:105:5)"],"fullName":"Task API Integration Tests GET /api/tasks should return all tasks for the company","invocations":1,"location":null,"numPassingAsserts":0,"retryReasons":[],"startAt":1764450110324,"status":"failed","title":"should return all tasks for the company"},{"ancestorTitles":["Task API Integration Tests","GET /api/tasks"],"duration":11,"failing":false,"failureDetails":[{"matcherResult":{"actual":401,"expected":200,"message":"\u001b[2mexpect(\u001b[22m\u001b[31mreceived\u001b[39m\u001b[2m).\u001b[22mtoBe\u001b[2m(\u001b[22m\u001b[32mexpected\u001b[39m\u001b[2m) // Object.is equality\u001b[22m\n\nExpected: \u001b[32m200\u001b[39m\nReceived: \u001b[31m401\u001b[39m","name":"toBe","pass":false}}],"failureMessages":["Error: \u001b[2mexpect(\u001b[22m\u001b[31mreceived\u001b[39m\u001b[2m).\u001b[22mtoBe\u001b[2m(\u001b[22m\u001b[32mexpected\u001b[39m\u001b[2m) // Object.is equality\u001b[22m\n\nExpected: \u001b[32m200\u001b[39m\nReceived: \u001b[31m401\u001b[39m\n    at Object.toBe (C:\\Users\\HomePC\\Desktop\\Task-Manger\\Task-Manger-backend\\tests\\integration\\tasks.test.js:86:37)\n    at processTicksAndRejections (node:internal/process/task_queues:105:5)"],"fullName":"Task API Integration Tests GET /api/tasks should filter tasks by status","invocations":1,"location":null,"numPassingAsserts":0,"retryReasons":[],"startAt":1764450110390,"status":"failed","title":"should filter tasks by status"},{"ancestorTitles":["Task API Integration Tests","POST /api/tasks"],"duration":30,"failing":false,"failureDetails":[{"matcherResult":{"actual":401,"expected":201,"message":"\u001b[2mexpect(\u001b[22m\u001b[31mreceived\u001b[39m\u001b[2m).\u001b[22mtoBe\u001b[2m(\u001b[22m\u001b[32mexpected\u001b[39m\u001b[2m) // Object.is equality\u001b[22m\n\nExpected: \u001b[32m201\u001b[39m\nReceived: \u001b[31m401\u001b[39m","name":"toBe","pass":false}}],"failureMessages":["Error: \u001b[2mexpect(\u001b[22m\u001b[31mreceived\u001b[39m\u001b[2m).\u001b[22mtoBe\u001b[2m(\u001b[22m\u001b[32mexpected\u001b[39m\u001b[2m) // Object.is equality\u001b[22m\n\nExpected: \u001b[32m201\u001b[39m\nReceived: \u001b[31m401\u001b[39m\n    at Object.toBe (C:\\Users\\HomePC\\Desktop\\Task-Manger\\Task-Manger-backend\\tests\\integration\\tasks.test.js:137:37)\n    at processTicksAndRejections (node:internal/process/task_queues:105:5)"],"fullName":"Task API Integration Tests POST /api/tasks should create a new task","invocations":1,"location":null,"numPassingAsserts":0,"retryReasons":[],"startAt":1764450110401,"status":"failed","title":"should create a new task"},{"ancestorTitles":["Task API Integration Tests","POST /api/tasks"],"duration":8,"failing":false,"failureDetails":[{"matcherResult":{"actual":401,"expected":400,"message":"\u001b[2mexpect(\u001b[22m\u001b[31mreceived\u001b[39m\u001b[2m).\u001b[22mtoBe\u001b[2m(\u001b[22m\u001b[32mexpected\u001b[39m\u001b[2m) // Object.is equality\u001b[22m\n\nExpected: \u001b[32m400\u001b[39m\nReceived: \u001b[31m401\u001b[39m","name":"toBe","pass":false}}],"failureMessages":["Error: \u001b[2mexpect(\u001b[22m\u001b[31mreceived\u001b[39m\u001b[2m).\u001b[22mtoBe\u001b[2m(\u001b[22m\u001b[32mexpected\u001b[39m\u001b[2m) // Object.is equality\u001b[22m\n\nExpected: \u001b[32m400\u001b[39m\nReceived: \u001b[31m401\u001b[39m\n    at Object.toBe (C:\\Users\\HomePC\\Desktop\\Task-Manger\\Task-Manger-backend\\tests\\integration\\tasks.test.js:150:37)\n    at processTicksAndRejections (node:internal/process/task_queues:105:5)"],"fullName":"Task API Integration Tests POST /api/tasks should return error for invalid task data","invocations":1,"location":null,"numPassingAsserts":0,"retryReasons":[],"startAt":1764450110432,"status":"failed","title":"should return error for invalid task data"},{"ancestorTitles":["Task API Integration Tests","PUT /api/tasks/:id"],"duration":9,"failing":false,"failureDetails":[{"matcherResult":{"actual":401,"expected":200,"message":"\u001b[2mexpect(\u001b[22m\u001b[31mreceived\u001b[39m\u001b[2m).\u001b[22mtoBe\u001b[2m(\u001b[22m\u001b[32mexpected\u001b[39m\u001b[2m) // Object.is equality\u001b[22m\n\nExpected: \u001b[32m200\u001b[39m\nReceived: \u001b[31m401\u001b[39m","name":"toBe","pass":false}}],"failureMessages":["Error: \u001b[2mexpect(\u001b[22m\u001b[31mreceived\u001b[39m\u001b[2m).\u001b[22mtoBe\u001b[2m(\u001b[22m\u001b[32mexpected\u001b[39m\u001b[2m) // Object.is equality\u001b[22m\n\nExpected: \u001b[32m200\u001b[39m\nReceived: \u001b[31m401\u001b[39m\n    at Object.toBe (C:\\Users\\HomePC\\Desktop\\Task-Manger\\Task-Manger-backend\\tests\\integration\\tasks.test.js:185:37)\n    at processTicksAndRejections (node:internal/process/task_queues:105:5)"],"fullName":"Task API Integration Tests PUT /api/tasks/:id should update a task","invocations":1,"location":null,"numPassingAsserts":0,"retryReasons":[],"startAt":1764450110441,"status":"failed","title":"should update a task"}],"endTime":1764450110499,"message":"\u001b[1m\u001b[31m  \u001b[1m● \u001b[22m\u001b[1mTask API Integration Tests › GET /api/tasks › should return all tasks for the company\u001b[39m\u001b[22m\n\n    \u001b[2mexpect(\u001b[22m\u001b[31mreceived\u001b[39m\u001b[2m).\u001b[22mtoBe\u001b[2m(\u001b[22m\u001b[32mexpected\u001b[39m\u001b[2m) // Object.is equality\u001b[22m\n\n    Expected: \u001b[32m200\u001b[39m\n    Received: \u001b[31m401\u001b[39m\n\u001b[2m\u001b[22m\n\u001b[2m    \u001b[0m \u001b[90m 68 |\u001b[39m             \u001b[36mconst\u001b[39m response \u001b[33m=\u001b[39m \u001b[36mawait\u001b[39m request(app)\u001b[33m.\u001b[39m\u001b[36mget\u001b[39m(\u001b[32m'/api/tasks'\u001b[39m)\u001b[33m;\u001b[39m\u001b[22m\n\u001b[2m     \u001b[90m 69 |\u001b[39m\u001b[22m\n\u001b[2m    \u001b[31m\u001b[1m>\u001b[22m\u001b[2m\u001b[39m\u001b[90m 70 |\u001b[39m             expect(response\u001b[33m.\u001b[39mstatus)\u001b[33m.\u001b[39mtoBe(\u001b[35m200\u001b[39m)\u001b[33m;\u001b[39m\u001b[22m\n\u001b[2m     \u001b[90m    |\u001b[39m                                     \u001b[31m\u001b[1m^\u001b[22m\u001b[2m\u001b[39m\u001b[22m\n\u001b[2m     \u001b[90m 71 |\u001b[39m             expect(response\u001b[33m.\u001b[39mbody\u001b[33m.\u001b[39msuccess)\u001b[33m.\u001b[39mtoBe(\u001b[36mtrue\u001b[39m)\u001b[33m;\u001b[39m\u001b[22m\n\u001b[2m     \u001b[90m 72 |\u001b[39m             expect(response\u001b[33m.\u001b[39mbody\u001b[33m.\u001b[39mdata)\u001b[33m.\u001b[39mtoHaveLength(\u001b[35m2\u001b[39m)\u001b[33m;\u001b[39m\u001b[22m\n\u001b[2m     \u001b[90m 73 |\u001b[39m         })\u001b[33m;\u001b[39m\u001b[0m\u001b[22m\n\u001b[2m\u001b[22m\n\u001b[2m      \u001b[2mat Object.toBe (\u001b[22m\u001b[2m\u001b[0m\u001b[36mtests/integration/tasks.test.js\u001b[39m\u001b[0m\u001b[2m:70:37)\u001b[22m\u001b[2m\u001b[22m\n\n\u001b[1m\u001b[31m  \u001b[1m● \u001b[22m\u001b[1mTask API Integration Tests › GET /api/tasks › should filter tasks by status\u001b[39m\u001b[22m\n\n    \u001b[2mexpect(\u001b[22m\u001b[31mreceived\u001b[39m\u001b[2m).\u001b[22mtoBe\u001b[2m(\u001b[22m\u001b[32mexpected\u001b[39m\u001b[2m) // Object.is equality\u001b[22m\n\n    Expected: \u001b[32m200\u001b[39m\n    Received: \u001b[31m401\u001b[39m\n\u001b[2m\u001b[22m\n\u001b[2m    \u001b[0m \u001b[90m 84 |\u001b[39m             \u001b[36mconst\u001b[39m response \u001b[33m=\u001b[39m \u001b[36mawait\u001b[39m request(app)\u001b[33m.\u001b[39m\u001b[36mget\u001b[39m(\u001b[32m'/api/tasks?status=completed'\u001b[39m)\u001b[33m;\u001b[39m\u001b[22m\n\u001b[2m     \u001b[90m 85 |\u001b[39m\u001b[22m\n\u001b[2m    \u001b[31m\u001b[1m>\u001b[22m\u001b[2m\u001b[39m\u001b[90m 86 |\u001b[39m             expect(response\u001b[33m.\u001b[39mstatus)\u001b[33m.\u001b[39mtoBe(\u001b[35m200\u001b[39m)\u001b[33m;\u001b[39m\u001b[22m\n\u001b[2m     \u001b[90m    |\u001b[39m                                     \u001b[31m\u001b[1m^\u001b[22m\u001b[2m\u001b[39m\u001b[22m\n\u001b[2m     \u001b[90m 87 |\u001b[39m             expect(\u001b[33mTask\u001b[39m\u001b[33m.\u001b[39mfind)\u001b[33m.\u001b[39mtoHaveBeenCalledWith(\u001b[22m\n\u001b[2m     \u001b[90m 88 |\u001b[39m                 expect\u001b[33m.\u001b[39mobjectContaining({ status\u001b[33m:\u001b[39m \u001b[32m'completed'\u001b[39m })\u001b[22m\n\u001b[2m     \u001b[90m 89 |\u001b[39m             )\u001b[33m;\u001b[39m\u001b[0m\u001b[22m\n\u001b[2m\u001b[22m\n\u001b[2m      \u001b[2mat Object.toBe (\u001b[22m\u001b[2m\u001b[0m\u001b[36mtests/integration/tasks.test.js\u001b[39m\u001b[0m\u001b[2m:86:37)\u001b[22m\u001b[2m\u001b[22m\n\n\u001b[1m\u001b[31m  \u001b[1m● \u001b[22m\u001b[1mTask API Integration Tests › POST /api/tasks › should create a new task\u001b[39m\u001b[22m\n\n    \u001b[2mexpect(\u001b[22m\u001b[31mreceived\u001b[39m\u001b[2m).\u001b[22mtoBe\u001b[2m(\u001b[22m\u001b[32mexpected\u001b[39m\u001b[2m) // Object.is equality\u001b[22m\n\n    Expected: \u001b[32m201\u001b[39m\n    Received: \u001b[31m401\u001b[39m\n\u001b[2m\u001b[22m\n\u001b[2m    \u001b[0m \u001b[90m 135 |\u001b[39m                 \u001b[33m.\u001b[39msend(newTaskData)\u001b[33m;\u001b[39m\u001b[22m\n\u001b[2m     \u001b[90m 136 |\u001b[39m\u001b[22m\n\u001b[2m    \u001b[31m\u001b[1m>\u001b[22m\u001b[2m\u001b[39m\u001b[90m 137 |\u001b[39m             expect(response\u001b[33m.\u001b[39mstatus)\u001b[33m.\u001b[39mtoBe(\u001b[35m201\u001b[39m)\u001b[33m;\u001b[39m\u001b[22m\n\u001b[2m     \u001b[90m     |\u001b[39m                                     \u001b[31m\u001b[1m^\u001b[22m\u001b[2m\u001b[39m\u001b[22m\n\u001b[2m     \u001b[90m 138 |\u001b[39m             expect(response\u001b[33m.\u001b[39mbody\u001b[33m.\u001b[39msuccess)\u001b[33m.\u001b[39mtoBe(\u001b[36mtrue\u001b[39m)\u001b[33m;\u001b[39m\u001b[22m\n\u001b[2m     \u001b[90m 139 |\u001b[39m             expect(response\u001b[33m.\u001b[39mbody\u001b[33m.\u001b[39mdata\u001b[33m.\u001b[39mtitle)\u001b[33m.\u001b[39mtoBe(\u001b[32m'New Task'\u001b[39m)\u001b[33m;\u001b[39m\u001b[22m\n\u001b[2m     \u001b[90m 140 |\u001b[39m         })\u001b[33m;\u001b[39m\u001b[0m\u001b[22m\n\u001b[2m\u001b[22m\n\u001b[2m      \u001b[2mat Object.toBe (\u001b[22m\u001b[2m\u001b[0m\u001b[36mtests/integration/tasks.test.js\u001b[39m\u001b[0m\u001b[2m:137:37)\u001b[22m\u001b[2m\u001b[22m\n\n\u001b[1m\u001b[31m  \u001b[1m● \u001b[22m\u001b[1mTask API Integration Tests › POST /api/tasks › should return error for invalid task data\u001b[39m\u001b[22m\n\n    \u001b[2mexpect(\u001b[22m\u001b[31mreceived\u001b[39m\u001b[2m).\u001b[22mtoBe\u001b[2m(\u001b[22m\u001b[32mexpected\u001b[39m\u001b[2m) // Object.is equality\u001b[22m\n\n    Expected: \u001b[32m400\u001b[39m\n    Received: \u001b[31m401\u001b[39m\n\u001b[2m\u001b[22m\n\u001b[2m    \u001b[0m \u001b[90m 148 |\u001b[39m                 })\u001b[33m;\u001b[39m\u001b[22m\n\u001b[2m     \u001b[90m 149 |\u001b[39m\u001b[22m\n\u001b[2m    \u001b[31m\u001b[1m>\u001b[22m\u001b[2m\u001b[39m\u001b[90m 150 |\u001b[39m             expect(response\u001b[33m.\u001b[39mstatus)\u001b[33m.\u001b[39mtoBe(\u001b[35m400\u001b[39m)\u001b[33m;\u001b[39m\u001b[22m\n\u001b[2m     \u001b[90m     |\u001b[39m                                     \u001b[31m\u001b[1m^\u001b[22m\u001b[2m\u001b[39m\u001b[22m\n\u001b[2m     \u001b[90m 151 |\u001b[39m             expect(response\u001b[33m.\u001b[39mbody\u001b[33m.\u001b[39msuccess)\u001b[33m.\u001b[39mtoBe(\u001b[36mfalse\u001b[39m)\u001b[33m;\u001b[39m\u001b[22m\n\u001b[2m     \u001b[90m 152 |\u001b[39m         })\u001b[33m;\u001b[39m\u001b[22m\n\u001b[2m     \u001b[90m 153 |\u001b[39m     })\u001b[33m;\u001b[39m\u001b[0m\u001b[22m\n\u001b[2m\u001b[22m\n\u001b[2m      \u001b[2mat Object.toBe (\u001b[22m\u001b[2m\u001b[0m\u001b[36mtests/integration/tasks.test.js\u001b[39m\u001b[0m\u001b[2m:150:37)\u001b[22m\u001b[2m\u001b[22m\n\n\u001b[1m\u001b[31m  \u001b[1m● \u001b[22m\u001b[1mTask API Integration Tests › PUT /api/tasks/:id › should update a task\u001b[39m\u001b[22m\n\n    \u001b[2mexpect(\u001b[22m\u001b[31mreceived\u001b[39m\u001b[2m).\u001b[22mtoBe\u001b[2m(\u001b[22m\u001b[32mexpected\u001b[39m\u001b[2m) // Object.is equality\u001b[22m\n\n    Expected: \u001b[32m200\u001b[39m\n    Received: \u001b[31m401\u001b[39m\n\u001b[2m\u001b[22m\n\u001b[2m    \u001b[0m \u001b[90m 183 |\u001b[39m                 \u001b[33m.\u001b[39msend({ title\u001b[33m:\u001b[39m \u001b[32m'Updated Title'\u001b[39m\u001b[33m,\u001b[39m status\u001b[33m:\u001b[39m \u001b[32m'completed'\u001b[39m })\u001b[33m;\u001b[39m\u001b[22m\n\u001b[2m     \u001b[90m 184 |\u001b[39m\u001b[22m\n\u001b[2m    \u001b[31m\u001b[1m>\u001b[22m\u001b[2m\u001b[39m\u001b[90m 185 |\u001b[39m             expect(response\u001b[33m.\u001b[39mstatus)\u001b[33m.\u001b[39mtoBe(\u001b[35m200\u001b[39m)\u001b[33m;\u001b[39m\u001b[22m\n\u001b[2m     \u001b[90m     |\u001b[39m                                     \u001b[31m\u001b[1m^\u001b[22m\u001b[2m\u001b[39m\u001b[22m\n\u001b[2m     \u001b[90m 186 |\u001b[39m             expect(response\u001b[33m.\u001b[39mbody\u001b[33m.\u001b[39msuccess)\u001b[33m.\u001b[39mtoBe(\u001b[36mtrue\u001b[39m)\u001b[33m;\u001b[39m\u001b[22m\n\u001b[2m     \u001b[90m 187 |\u001b[39m             expect(response\u001b[33m.\u001b[39mbody\u001b[33m.\u001b[39mdata\u001b[33m.\u001b[39mtitle)\u001b[33m.\u001b[39mtoBe(\u001b[32m'Updated Title'\u001b[39m)\u001b[33m;\u001b[39m\u001b[22m\n\u001b[2m     \u001b[90m 188 |\u001b[39m         })\u001b[33m;\u001b[39m\u001b[0m\u001b[22m\n\u001b[2m\u001b[22m\n\u001b[2m      \u001b[2mat Object.toBe (\u001b[22m\u001b[2m\u001b[0m\u001b[36mtests/integration/tasks.test.js\u001b[39m\u001b[0m\u001b[2m:185:37)\u001b[22m\u001b[2m\u001b[22m\n","name":"C:\\Users\\HomePC\\Desktop\\Task-Manger\\Task-Manger-backend\\tests\\integration\\tasks.test.js","startTime":1764450106500,"status":"failed","summary":""}],"wasInterrupted":false,"coverageMap":{"C:\\Users\\HomePC\\Desktop\\Task-Manger\\Task-Manger-backend\\middleware\\auth.js":{"path":"C:\\Users\\HomePC\\Desktop\\Task-Manger\\Task-Manger-backend\\middleware\\auth.js","statementMap":{"0":{"start":{"line":1,"column":12},"end":{"line":1,"column":35}},"1":{"start":{"line":2,"column":13},"end":{"line":2,"column":38}},"2":{"start":{"line":4,"column":13},"end":{"line":23,"column":1}},"3":{"start":{"line":5,"column":2},"end":{"line":22,"column":3}},"4":{"start":{"line":6,"column":18},"end":{"line":6,"column":69}},"5":{"start":{"line":7,"column":4},"end":{"line":9,"column":5}},"6":{"start":{"line":8,"column":6},"end":{"line":8,"column":78}},"7":{"start":{"line":11,"column":20},"end":{"line":11,"column":61}},"8":{"start":{"line":12,"column":17},"end":{"line":12,"column":93}},"9":{"start":{"line":14,"column":4},"end":{"line":16,"column":5}},"10":{"start":{"line":15,"column":6},"end":{"line":15,"column":78}},"11":{"start":{"line":18,"column":4},"end":{"line":18,"column":20}},"12":{"start":{"line":19,"column":4},"end":{"line":19,"column":11}},"13":{"start":{"line":21,"column":4},"end":{"line":21,"column":69}},"14":{"start":{"line":25,"column":18},"end":{"line":32,"column":1}},"15":{"start":{"line":26,"column":2},"end":{"line":31,"column":4}},"16":{"start":{"line":27,"column":4},"end":{"line":29,"column":5}},"17":{"start":{"line":28,"column":6},"end":{"line":28,"column":81}},"18":{"start":{"line":30,"column":4},"end":{"line":30,"column":11}},"19":{"start":{"line":34,"column":0},"end":{"line":34,"column":37}}},"fnMap":{"0":{"name":"(anonymous_0)","decl":{"start":{"line":4,"column":13},"end":{"line":4,"column":14}},"loc":{"start":{"line":4,"column":39},"end":{"line":23,"column":1}},"line":4},"1":{"name":"(anonymous_1)","decl":{"start":{"line":25,"column":18},"end":{"line":25,"column":19}},"loc":{"start":{"line":25,"column":32},"end":{"line":32,"column":1}},"line":25},"2":{"name":"(anonymous_2)","decl":{"start":{"line":26,"column":9},"end":{"line":26,"column":10}},"loc":{"start":{"line":26,"column":29},"end":{"line":31,"column":3}},"line":26}},"branchMap":{"0":{"loc":{"start":{"line":7,"column":4},"end":{"line":9,"column":5}},"type":"if","locations":[{"start":{"line":7,"column":4},"end":{"line":9,"column":5}},{"start":{},"end":{}}],"line":7},"1":{"loc":{"start":{"line":14,"column":4},"end":{"line":16,"column":5}},"type":"if","locations":[{"start":{"line":14,"column":4},"end":{"line":16,"column":5}},{"start":{},"end":{}}],"line":14},"2":{"loc":{"start":{"line":27,"column":4},"end":{"line":29,"column":5}},"type":"if","locations":[{"start":{"line":27,"column":4},"end":{"line":29,"column":5}},{"start":{},"end":{}}],"line":27}},"s":{"0":2,"1":2,"2":2,"3":5,"4":5,"5":5,"6":5,"7":0,"8":0,"9":0,"10":0,"11":0,"12":0,"13":0,"14":2,"15":0,"16":0,"17":0,"18":0,"19":2},"f":{"0":5,"1":0,"2":0},"b":{"0":[5,0],"1":[0,0],"2":[0,0]},"_coverageSchema":"1a1c01bbd47fc00a2c39e90264f33305004495a9","hash":"c260e0eb8869729039126daf99560d8c10ae1380"},"C:\\Users\\HomePC\\Desktop\\Task-Manger\\Task-Manger-backend\\models\\User.js":{"path":"C:\\Users\\HomePC\\Desktop\\Task-Manger\\Task-Manger-backend\\models\\User.js","statementMap":{"0":{"start":{"line":1,"column":17},"end":{"line":1,"column":36}},"1":{"start":{"line":2,"column":15},"end":{"line":2,"column":34}},"2":{"start":{"line":4,"column":19},"end":{"line":15,"column":24}},"3":{"start":{"line":18,"column":0},"end":{"line":18,"column":31}},"4":{"start":{"line":19,"column":0},"end":{"line":19,"column":33}},"5":{"start":{"line":20,"column":0},"end":{"line":20,"column":30}},"6":{"start":{"line":22,"column":0},"end":{"line":31,"column":3}},"7":{"start":{"line":24,"column":2},"end":{"line":26,"column":3}},"8":{"start":{"line":25,"column":4},"end":{"line":25,"column":85}},"9":{"start":{"line":28,"column":2},"end":{"line":28,"column":50}},"10":{"start":{"line":28,"column":36},"end":{"line":28,"column":50}},"11":{"start":{"line":29,"column":2},"end":{"line":29,"column":55}},"12":{"start":{"line":30,"column":2},"end":{"line":30,"column":9}},"13":{"start":{"line":33,"column":0},"end":{"line":35,"column":2}},"14":{"start":{"line":34,"column":2},"end":{"line":34,"column":49}},"15":{"start":{"line":37,"column":0},"end":{"line":37,"column":52}}},"fnMap":{"0":{"name":"(anonymous_0)","decl":{"start":{"line":22,"column":23},"end":{"line":22,"column":24}},"loc":{"start":{"line":22,"column":44},"end":{"line":31,"column":1}},"line":22},"1":{"name":"(anonymous_1)","decl":{"start":{"line":33,"column":37},"end":{"line":33,"column":38}},"loc":{"start":{"line":33,"column":62},"end":{"line":35,"column":1}},"line":33}},"branchMap":{"0":{"loc":{"start":{"line":24,"column":2},"end":{"line":26,"column":3}},"type":"if","locations":[{"start":{"line":24,"column":2},"end":{"line":26,"column":3}},{"start":{},"end":{}}],"line":24},"1":{"loc":{"start":{"line":24,"column":6},"end":{"line":24,"column":34}},"type":"binary-expr","locations":[{"start":{"line":24,"column":6},"end":{"line":24,"column":20}},{"start":{"line":24,"column":24},"end":{"line":24,"column":34}}],"line":24},"2":{"loc":{"start":{"line":28,"column":2},"end":{"line":28,"column":50}},"type":"if","locations":[{"start":{"line":28,"column":2},"end":{"line":28,"column":50}},{"start":{},"end":{}}],"line":28}},"s":{"0":2,"1":2,"2":2,"3":2,"4":2,"5":2,"6":2,"7":0,"8":0,"9":0,"10":0,"11":0,"12":0,"13":2,"14":0,"15":2},"f":{"0":0,"1":0},"b":{"0":[0,0],"1":[0,0],"2":[0,0]},"_coverageSchema":"1a1c01bbd47fc00a2c39e90264f33305004495a9","hash":"c3f0447d39e8ab12126c5f5934aa6b0e2aad9eb2"},"C:\\Users\\HomePC\\Desktop\\Task-Manger\\Task-Manger-backend\\middleware\\rateLimiter.js":{"path":"C:\\Users\\HomePC\\Desktop\\Task-Manger\\Task-Manger-backend\\middleware\\rateLimiter.js","statementMap":{"0":{"start":{"line":1,"column":18},"end":{"line":1,"column":47}},"1":{"start":{"line":4,"column":21},"end":{"line":14,"column":2}},"2":{"start":{"line":17,"column":19},"end":{"line":26,"column":2}},"3":{"start":{"line":29,"column":29},"end":{"line":38,"column":2}},"4":{"start":{"line":40,"column":0},"end":{"line":44,"column":2}}},"fnMap":{},"branchMap":{},"s":{"0":1,"1":1,"2":1,"3":1,"4":1},"f":{},"b":{},"_coverageSchema":"1a1c01bbd47fc00a2c39e90264f33305004495a9","hash":"a8a9b053c86801e37b223a2835cd578eea34b8ba"},"C:\\Users\\HomePC\\Desktop\\Task-Manger\\Task-Manger-backend\\controllers\\authController.js":{"path":"C:\\Users\\HomePC\\Desktop\\Task-Manger\\Task-Manger-backend\\controllers\\authController.js","statementMap":{"0":{"start":{"line":1,"column":12},"end":{"line":1,"column":35}},"1":{"start":{"line":2,"column":15},"end":{"line":2,"column":34}},"2":{"start":{"line":3,"column":29},"end":{"line":3,"column":57}},"3":{"start":{"line":4,"column":13},"end":{"line":4,"column":38}},"4":{"start":{"line":5,"column":84},"end":{"line":5,"column":116}},"5":{"start":{"line":6,"column":30},"end":{"line":6,"column":69}},"6":{"start":{"line":8,"column":15},"end":{"line":56,"column":1}},"7":{"start":{"line":9,"column":2},"end":{"line":55,"column":3}},"8":{"start":{"line":10,"column":19},"end":{"line":10,"column":40}},"9":{"start":{"line":11,"column":4},"end":{"line":13,"column":5}},"10":{"start":{"line":12,"column":6},"end":{"line":12,"column":84}},"11":{"start":{"line":15,"column":53},"end":{"line":15,"column":61}},"12":{"start":{"line":17,"column":4},"end":{"line":19,"column":5}},"13":{"start":{"line":18,"column":6},"end":{"line":18,"column":84}},"14":{"start":{"line":21,"column":25},"end":{"line":21,"column":54}},"15":{"start":{"line":22,"column":4},"end":{"line":24,"column":5}},"16":{"start":{"line":23,"column":6},"end":{"line":23,"column":84}},"17":{"start":{"line":26,"column":17},"end":{"line":26,"column":87}},"18":{"start":{"line":27,"column":4},"end":{"line":27,"column":22}},"19":{"start":{"line":29,"column":4},"end":{"line":29,"column":48}},"20":{"start":{"line":30,"column":4},"end":{"line":30,"column":87}},"21":{"start":{"line":31,"column":4},"end":{"line":31,"column":55}},"22":{"start":{"line":34,"column":4},"end":{"line":39,"column":7}},"23":{"start":{"line":35,"column":6},"end":{"line":35,"column":78}},"24":{"start":{"line":37,"column":6},"end":{"line":37,"column":70}},"25":{"start":{"line":38,"column":6},"end":{"line":38,"column":53}},"26":{"start":{"line":41,"column":18},"end":{"line":42,"column":51}},"27":{"start":{"line":45,"column":4},"end":{"line":45,"column":86}},"28":{"start":{"line":47,"column":4},"end":{"line":51,"column":7}},"29":{"start":{"line":53,"column":4},"end":{"line":53,"column":49}},"30":{"start":{"line":54,"column":4},"end":{"line":54,"column":68}},"31":{"start":{"line":58,"column":14},"end":{"line":86,"column":1}},"32":{"start":{"line":59,"column":2},"end":{"line":85,"column":3}},"33":{"start":{"line":60,"column":19},"end":{"line":60,"column":40}},"34":{"start":{"line":61,"column":4},"end":{"line":63,"column":5}},"35":{"start":{"line":62,"column":6},"end":{"line":62,"column":84}},"36":{"start":{"line":65,"column":32},"end":{"line":65,"column":40}},"37":{"start":{"line":67,"column":17},"end":{"line":67,"column":46}},"38":{"start":{"line":68,"column":4},"end":{"line":70,"column":5}},"39":{"start":{"line":69,"column":6},"end":{"line":69,"column":84}},"40":{"start":{"line":72,"column":18},"end":{"line":73,"column":51}},"41":{"start":{"line":76,"column":4},"end":{"line":76,"column":75}},"42":{"start":{"line":78,"column":4},"end":{"line":82,"column":7}},"43":{"start":{"line":84,"column":4},"end":{"line":84,"column":68}},"44":{"start":{"line":88,"column":23},"end":{"line":93,"column":1}},"45":{"start":{"line":89,"column":2},"end":{"line":92,"column":5}},"46":{"start":{"line":95,"column":23},"end":{"line":122,"column":1}},"47":{"start":{"line":96,"column":2},"end":{"line":121,"column":3}},"48":{"start":{"line":97,"column":19},"end":{"line":97,"column":40}},"49":{"start":{"line":98,"column":4},"end":{"line":100,"column":5}},"50":{"start":{"line":99,"column":6},"end":{"line":99,"column":84}},"51":{"start":{"line":102,"column":22},"end":{"line":102,"column":30}},"52":{"start":{"line":103,"column":17},"end":{"line":103,"column":46}},"53":{"start":{"line":105,"column":4},"end":{"line":107,"column":5}},"54":{"start":{"line":106,"column":6},"end":{"line":106,"column":84}},"55":{"start":{"line":109,"column":23},"end":{"line":109,"column":94}},"56":{"start":{"line":111,"column":4},"end":{"line":117,"column":5}},"57":{"start":{"line":112,"column":6},"end":{"line":112,"column":53}},"58":{"start":{"line":113,"column":6},"end":{"line":113,"column":76}},"59":{"start":{"line":115,"column":6},"end":{"line":115,"column":63}},"60":{"start":{"line":116,"column":6},"end":{"line":116,"column":83}},"61":{"start":{"line":119,"column":4},"end":{"line":119,"column":51}},"62":{"start":{"line":120,"column":4},"end":{"line":120,"column":84}},"63":{"start":{"line":124,"column":22},"end":{"line":156,"column":1}},"64":{"start":{"line":125,"column":2},"end":{"line":155,"column":3}},"65":{"start":{"line":126,"column":19},"end":{"line":126,"column":40}},"66":{"start":{"line":127,"column":4},"end":{"line":129,"column":5}},"67":{"start":{"line":128,"column":6},"end":{"line":128,"column":84}},"68":{"start":{"line":131,"column":32},"end":{"line":131,"column":40}},"69":{"start":{"line":133,"column":20},"end":{"line":133,"column":61}},"70":{"start":{"line":134,"column":27},"end":{"line":134,"column":58}},"71":{"start":{"line":136,"column":17},"end":{"line":136,"column":102}},"72":{"start":{"line":138,"column":4},"end":{"line":140,"column":5}},"73":{"start":{"line":139,"column":6},"end":{"line":139,"column":79}},"74":{"start":{"line":142,"column":4},"end":{"line":146,"column":5}},"75":{"start":{"line":143,"column":6},"end":{"line":143,"column":48}},"76":{"start":{"line":145,"column":6},"end":{"line":145,"column":70}},"77":{"start":{"line":148,"column":4},"end":{"line":148,"column":72}},"78":{"start":{"line":150,"column":4},"end":{"line":150,"column":50}},"79":{"start":{"line":151,"column":4},"end":{"line":153,"column":5}},"80":{"start":{"line":152,"column":6},"end":{"line":152,"column":89}},"81":{"start":{"line":154,"column":4},"end":{"line":154,"column":77}},"82":{"start":{"line":158,"column":0},"end":{"line":164,"column":2}}},"fnMap":{"0":{"name":"(anonymous_0)","decl":{"start":{"line":8,"column":15},"end":{"line":8,"column":16}},"loc":{"start":{"line":8,"column":35},"end":{"line":56,"column":1}},"line":8},"1":{"name":"(anonymous_1)","decl":{"start":{"line":34,"column":32},"end":{"line":34,"column":33}},"loc":{"start":{"line":34,"column":38},"end":{"line":36,"column":5}},"line":34},"2":{"name":"(anonymous_2)","decl":{"start":{"line":36,"column":13},"end":{"line":36,"column":14}},"loc":{"start":{"line":36,"column":22},"end":{"line":39,"column":5}},"line":36},"3":{"name":"(anonymous_3)","decl":{"start":{"line":58,"column":14},"end":{"line":58,"column":15}},"loc":{"start":{"line":58,"column":34},"end":{"line":86,"column":1}},"line":58},"4":{"name":"(anonymous_4)","decl":{"start":{"line":88,"column":23},"end":{"line":88,"column":24}},"loc":{"start":{"line":88,"column":43},"end":{"line":93,"column":1}},"line":88},"5":{"name":"(anonymous_5)","decl":{"start":{"line":95,"column":23},"end":{"line":95,"column":24}},"loc":{"start":{"line":95,"column":43},"end":{"line":122,"column":1}},"line":95},"6":{"name":"(anonymous_6)","decl":{"start":{"line":124,"column":22},"end":{"line":124,"column":23}},"loc":{"start":{"line":124,"column":42},"end":{"line":156,"column":1}},"line":124}},"branchMap":{"0":{"loc":{"start":{"line":11,"column":4},"end":{"line":13,"column":5}},"type":"if","locations":[{"start":{"line":11,"column":4},"end":{"line":13,"column":5}},{"start":{},"end":{}}],"line":11},"1":{"loc":{"start":{"line":17,"column":4},"end":{"line":19,"column":5}},"type":"if","locations":[{"start":{"line":17,"column":4},"end":{"line":19,"column":5}},{"start":{},"end":{}}],"line":17},"2":{"loc":{"start":{"line":22,"column":4},"end":{"line":24,"column":5}},"type":"if","locations":[{"start":{"line":22,"column":4},"end":{"line":24,"column":5}},{"start":{},"end":{}}],"line":22},"3":{"loc":{"start":{"line":26,"column":57},"end":{"line":26,"column":75}},"type":"binary-expr","locations":[{"start":{"line":26,"column":57},"end":{"line":26,"column":61}},{"start":{"line":26,"column":65},"end":{"line":26,"column":75}}],"line":26},"4":{"loc":{"start":{"line":45,"column":48},"end":{"line":45,"column":66}},"type":"binary-expr","locations":[{"start":{"line":45,"column":48},"end":{"line":45,"column":52}},{"start":{"line":45,"column":56},"end":{"line":45,"column":66}}],"line":45},"5":{"loc":{"start":{"line":61,"column":4},"end":{"line":63,"column":5}},"type":"if","locations":[{"start":{"line":61,"column":4},"end":{"line":63,"column":5}},{"start":{},"end":{}}],"line":61},"6":{"loc":{"start":{"line":68,"column":4},"end":{"line":70,"column":5}},"type":"if","locations":[{"start":{"line":68,"column":4},"end":{"line":70,"column":5}},{"start":{},"end":{}}],"line":68},"7":{"loc":{"start":{"line":68,"column":8},"end":{"line":68,"column":56}},"type":"binary-expr","locations":[{"start":{"line":68,"column":8},"end":{"line":68,"column":13}},{"start":{"line":68,"column":17},"end":{"line":68,"column":56}}],"line":68},"8":{"loc":{"start":{"line":98,"column":4},"end":{"line":100,"column":5}},"type":"if","locations":[{"start":{"line":98,"column":4},"end":{"line":100,"column":5}},{"start":{},"end":{}}],"line":98},"9":{"loc":{"start":{"line":105,"column":4},"end":{"line":107,"column":5}},"type":"if","locations":[{"start":{"line":105,"column":4},"end":{"line":107,"column":5}},{"start":{},"end":{}}],"line":105},"10":{"loc":{"start":{"line":127,"column":4},"end":{"line":129,"column":5}},"type":"if","locations":[{"start":{"line":127,"column":4},"end":{"line":129,"column":5}},{"start":{},"end":{}}],"line":127},"11":{"loc":{"start":{"line":138,"column":4},"end":{"line":140,"column":5}},"type":"if","locations":[{"start":{"line":138,"column":4},"end":{"line":140,"column":5}},{"start":{},"end":{}}],"line":138},"12":{"loc":{"start":{"line":151,"column":4},"end":{"line":153,"column":5}},"type":"if","locations":[{"start":{"line":151,"column":4},"end":{"line":153,"column":5}},{"start":{},"end":{}}],"line":151}},"s":{"0":1,"1":1,"2":1,"3":1,"4":1,"5":1,"6":1,"7":2,"8":2,"9":2,"10":0,"11":2,"12":2,"13":0,"14":2,"15":2,"16":1,"17":1,"18":1,"19":1,"20":1,"21":1,"22":1,"23":1,"24":0,"25":0,"26":1,"27":1,"28":1,"29":0,"30":0,"31":1,"32":2,"33":2,"34":2,"35":0,"36":2,"37":2,"38":2,"39":1,"40":1,"41":1,"42":1,"43":0,"44":1,"45":0,"46":1,"47":0,"48":0,"49":0,"50":0,"51":0,"52":0,"53":0,"54":0,"55":0,"56":0,"57":0,"58":0,"59":0,"60":0,"61":0,"62":0,"63":1,"64":0,"65":0,"66":0,"67":0,"68":0,"69":0,"70":0,"71":0,"72":0,"73":0,"74":0,"75":0,"76":0,"77":0,"78":0,"79":0,"80":0,"81":0,"82":1},"f":{"0":2,"1":1,"2":0,"3":2,"4":0,"5":0,"6":0},"b":{"0":[0,2],"1":[0,2],"2":[1,1],"3":[1,1],"4":[1,1],"5":[0,2],"6":[1,1],"7":[2,1],"8":[0,0],"9":[0,0],"10":[0,0],"11":[0,0],"12":[0,0]},"_coverageSchema":"1a1c01bbd47fc00a2c39e90264f33305004495a9","hash":"fa6ad920c260360943e6fc273f0c949068e00ed0"},"C:\\Users\\HomePC\\Desktop\\Task-Manger\\Task-Manger-backend\\models\\Task.js":{"path":"C:\\Users\\HomePC\\Desktop\\Task-Manger\\Task-Manger-backend\\models\\Task.js","statementMap":{"0":{"start":{"line":1,"column":17},"end":{"line":1,"column":36}},"1":{"start":{"line":3,"column":19},"end":{"line":14,"column":24}},"2":{"start":{"line":17,"column":0},"end":{"line":17,"column":37}},"3":{"start":{"line":18,"column":0},"end":{"line":18,"column":32}},"4":{"start":{"line":19,"column":0},"end":{"line":19,"column":34}},"5":{"start":{"line":20,"column":0},"end":{"line":20,"column":33}},"6":{"start":{"line":21,"column":0},"end":{"line":21,"column":48}},"7":{"start":{"line":22,"column":0},"end":{"line":22,"column":36}},"8":{"start":{"line":24,"column":0},"end":{"line":24,"column":52}}},"fnMap":{},"branchMap":{},"s":{"0":1,"1":1,"2":1,"3":1,"4":1,"5":1,"6":1,"7":1,"8":1},"f":{},"b":{},"_coverageSchema":"1a1c01bbd47fc00a2c39e90264f33305004495a9","hash":"5da2d81a70ced420a1154af1bff39485e1345232"},"C:\\Users\\HomePC\\Desktop\\Task-Manger\\Task-Manger-backend\\models\\Notification.js":{"path":"C:\\Users\\HomePC\\Desktop\\Task-Manger\\Task-Manger-backend\\models\\Notification.js","statementMap":{"0":{"start":{"line":1,"column":17},"end":{"line":1,"column":36}},"1":{"start":{"line":3,"column":27},"end":{"line":9,"column":24}},"2":{"start":{"line":12,"column":0},"end":{"line":12,"column":41}},"3":{"start":{"line":13,"column":0},"end":{"line":13,"column":38}},"4":{"start":{"line":14,"column":0},"end":{"line":14,"column":50}},"5":{"start":{"line":15,"column":0},"end":{"line":15,"column":44}},"6":{"start":{"line":17,"column":0},"end":{"line":17,"column":68}}},"fnMap":{},"branchMap":{},"s":{"0":1,"1":1,"2":1,"3":1,"4":1,"5":1,"6":1},"f":{},"b":{},"_coverageSchema":"1a1c01bbd47fc00a2c39e90264f33305004495a9","hash":"cdc8fbb5be7bb3b742412324c70996659056a5c9"},"C:\\Users\\HomePC\\Desktop\\Task-Manger\\Task-Manger-backend\\controllers\\notificationController.js":{"path":"C:\\Users\\HomePC\\Desktop\\Task-Manger\\Task-Manger-backend\\controllers\\notificationController.js","statementMap":{"0":{"start":{"line":1,"column":29},"end":{"line":1,"column":57}},"1":{"start":{"line":2,"column":21},"end":{"line":2,"column":54}},"2":{"start":{"line":4,"column":25},"end":{"line":13,"column":1}},"3":{"start":{"line":5,"column":2},"end":{"line":12,"column":3}},"4":{"start":{"line":6,"column":26},"end":{"line":7,"column":30}},"5":{"start":{"line":9,"column":4},"end":{"line":9,"column":53}},"6":{"start":{"line":11,"column":4},"end":{"line":11,"column":68}},"7":{"start":{"line":15,"column":19},"end":{"line":39,"column":1}},"8":{"start":{"line":16,"column":2},"end":{"line":38,"column":3}},"9":{"start":{"line":17,"column":21},"end":{"line":17,"column":40}},"10":{"start":{"line":20,"column":4},"end":{"line":22,"column":5}},"11":{"start":{"line":21,"column":6},"end":{"line":21,"column":95}},"12":{"start":{"line":24,"column":25},"end":{"line":28,"column":5}},"13":{"start":{"line":30,"column":4},"end":{"line":32,"column":5}},"14":{"start":{"line":31,"column":6},"end":{"line":31,"column":87}},"15":{"start":{"line":34,"column":4},"end":{"line":34,"column":52}},"16":{"start":{"line":36,"column":4},"end":{"line":36,"column":48}},"17":{"start":{"line":37,"column":4},"end":{"line":37,"column":68}},"18":{"start":{"line":41,"column":27},"end":{"line":68,"column":1}},"19":{"start":{"line":42,"column":2},"end":{"line":67,"column":3}},"20":{"start":{"line":43,"column":19},"end":{"line":43,"column":40}},"21":{"start":{"line":44,"column":4},"end":{"line":46,"column":5}},"22":{"start":{"line":45,"column":6},"end":{"line":45,"column":84}},"23":{"start":{"line":48,"column":25},"end":{"line":48,"column":51}},"24":{"start":{"line":49,"column":4},"end":{"line":49,"column":30}},"25":{"start":{"line":52,"column":15},"end":{"line":52,"column":32}},"26":{"start":{"line":53,"column":4},"end":{"line":61,"column":5}},"27":{"start":{"line":54,"column":6},"end":{"line":60,"column":9}},"28":{"start":{"line":63,"column":4},"end":{"line":63,"column":64}},"29":{"start":{"line":65,"column":4},"end":{"line":65,"column":55}},"30":{"start":{"line":66,"column":4},"end":{"line":66,"column":68}},"31":{"start":{"line":70,"column":0},"end":{"line":74,"column":2}}},"fnMap":{"0":{"name":"(anonymous_0)","decl":{"start":{"line":4,"column":25},"end":{"line":4,"column":26}},"loc":{"start":{"line":4,"column":45},"end":{"line":13,"column":1}},"line":4},"1":{"name":"(anonymous_1)","decl":{"start":{"line":15,"column":19},"end":{"line":15,"column":20}},"loc":{"start":{"line":15,"column":39},"end":{"line":39,"column":1}},"line":15},"2":{"name":"(anonymous_2)","decl":{"start":{"line":41,"column":27},"end":{"line":41,"column":28}},"loc":{"start":{"line":41,"column":47},"end":{"line":68,"column":1}},"line":41}},"branchMap":{"0":{"loc":{"start":{"line":20,"column":4},"end":{"line":22,"column":5}},"type":"if","locations":[{"start":{"line":20,"column":4},"end":{"line":22,"column":5}},{"start":{},"end":{}}],"line":20},"1":{"loc":{"start":{"line":30,"column":4},"end":{"line":32,"column":5}},"type":"if","locations":[{"start":{"line":30,"column":4},"end":{"line":32,"column":5}},{"start":{},"end":{}}],"line":30},"2":{"loc":{"start":{"line":44,"column":4},"end":{"line":46,"column":5}},"type":"if","locations":[{"start":{"line":44,"column":4},"end":{"line":46,"column":5}},{"start":{},"end":{}}],"line":44},"3":{"loc":{"start":{"line":53,"column":4},"end":{"line":61,"column":5}},"type":"if","locations":[{"start":{"line":53,"column":4},"end":{"line":61,"column":5}},{"start":{},"end":{}}],"line":53},"4":{"loc":{"start":{"line":53,"column":8},"end":{"line":53,"column":33}},"type":"binary-expr","locations":[{"start":{"line":53,"column":8},"end":{"line":53,"column":10}},{"start":{"line":53,"column":14},"end":{"line":53,"column":33}}],"line":53}},"s":{"0":0,"1":0,"2":0,"3":0,"4":0,"5":0,"6":0,"7":0,"8":0,"9":0,"10":0,"11":0,"12":0,"13":0,"14":0,"15":0,"16":0,"17":0,"18":0,"19":0,"20":0,"21":0,"22":0,"23":0,"24":0,"25":0,"26":0,"27":0,"28":0,"29":0,"30":0,"31":0},"f":{"0":0,"1":0,"2":0},"b":{"0":[0,0],"1":[0,0],"2":[0,0],"3":[0,0],"4":[0,0]}},"C:\\Users\\HomePC\\Desktop\\Task-Manger\\Task-Manger-backend\\controllers\\templateController.js":{"path":"C:\\Users\\HomePC\\Desktop\\Task-Manger\\Task-Manger-backend\\controllers\\templateController.js","statementMap":{"0":{"start":{"line":1,"column":21},"end":{"line":1,"column":54}},"1":{"start":{"line":2,"column":13},"end":{"line":2,"column":38}},"2":{"start":{"line":3,"column":29},"end":{"line":3,"column":57}},"3":{"start":{"line":8,"column":21},"end":{"line":21,"column":1}},"4":{"start":{"line":9,"column":4},"end":{"line":20,"column":5}},"5":{"start":{"line":10,"column":24},"end":{"line":10,"column":40}},"6":{"start":{"line":12,"column":26},"end":{"line":14,"column":36}},"7":{"start":{"line":16,"column":8},"end":{"line":16,"column":53}},"8":{"start":{"line":18,"column":8},"end":{"line":18,"column":53}},"9":{"start":{"line":19,"column":8},"end":{"line":19,"column":85}},"10":{"start":{"line":26,"column":23},"end":{"line":47,"column":1}},"11":{"start":{"line":27,"column":4},"end":{"line":46,"column":5}},"12":{"start":{"line":28,"column":23},"end":{"line":28,"column":44}},"13":{"start":{"line":29,"column":8},"end":{"line":31,"column":9}},"14":{"start":{"line":30,"column":12},"end":{"line":30,"column":90}},"15":{"start":{"line":33,"column":25},"end":{"line":37,"column":10}},"16":{"start":{"line":39,"column":8},"end":{"line":39,"column":30}},"17":{"start":{"line":40,"column":8},"end":{"line":40,"column":60}},"18":{"start":{"line":42,"column":8},"end":{"line":42,"column":64}},"19":{"start":{"line":44,"column":8},"end":{"line":44,"column":55}},"20":{"start":{"line":45,"column":8},"end":{"line":45,"column":85}},"21":{"start":{"line":52,"column":31},"end":{"line":87,"column":1}},"22":{"start":{"line":53,"column":4},"end":{"line":86,"column":5}},"23":{"start":{"line":54,"column":54},"end":{"line":54,"column":62}},"24":{"start":{"line":56,"column":25},"end":{"line":60,"column":10}},"25":{"start":{"line":62,"column":8},"end":{"line":64,"column":9}},"26":{"start":{"line":63,"column":12},"end":{"line":63,"column":89}},"27":{"start":{"line":67,"column":21},"end":{"line":76,"column":10}},"28":{"start":{"line":78,"column":8},"end":{"line":78,"column":26}},"29":{"start":{"line":79,"column":8},"end":{"line":79,"column":51}},"30":{"start":{"line":80,"column":8},"end":{"line":80,"column":50}},"31":{"start":{"line":82,"column":8},"end":{"line":82,"column":60}},"32":{"start":{"line":84,"column":8},"end":{"line":84,"column":65}},"33":{"start":{"line":85,"column":8},"end":{"line":85,"column":95}},"34":{"start":{"line":92,"column":23},"end":{"line":109,"column":1}},"35":{"start":{"line":93,"column":4},"end":{"line":108,"column":5}},"36":{"start":{"line":94,"column":25},"end":{"line":98,"column":46}},"37":{"start":{"line":100,"column":8},"end":{"line":102,"column":9}},"38":{"start":{"line":101,"column":12},"end":{"line":101,"column":89}},"39":{"start":{"line":104,"column":8},"end":{"line":104,"column":52}},"40":{"start":{"line":106,"column":8},"end":{"line":106,"column":55}},"41":{"start":{"line":107,"column":8},"end":{"line":107,"column":85}},"42":{"start":{"line":114,"column":23},"end":{"line":131,"column":1}},"43":{"start":{"line":115,"column":4},"end":{"line":130,"column":5}},"44":{"start":{"line":116,"column":25},"end":{"line":120,"column":9}},"45":{"start":{"line":122,"column":8},"end":{"line":124,"column":9}},"46":{"start":{"line":123,"column":12},"end":{"line":123,"column":89}},"47":{"start":{"line":126,"column":8},"end":{"line":126,"column":78}},"48":{"start":{"line":128,"column":8},"end":{"line":128,"column":55}},"49":{"start":{"line":129,"column":8},"end":{"line":129,"column":85}},"50":{"start":{"line":133,"column":0},"end":{"line":139,"column":2}}},"fnMap":{"0":{"name":"(anonymous_0)","decl":{"start":{"line":8,"column":21},"end":{"line":8,"column":22}},"loc":{"start":{"line":8,"column":41},"end":{"line":21,"column":1}},"line":8},"1":{"name":"(anonymous_1)","decl":{"start":{"line":26,"column":23},"end":{"line":26,"column":24}},"loc":{"start":{"line":26,"column":43},"end":{"line":47,"column":1}},"line":26},"2":{"name":"(anonymous_2)","decl":{"start":{"line":52,"column":31},"end":{"line":52,"column":32}},"loc":{"start":{"line":52,"column":51},"end":{"line":87,"column":1}},"line":52},"3":{"name":"(anonymous_3)","decl":{"start":{"line":92,"column":23},"end":{"line":92,"column":24}},"loc":{"start":{"line":92,"column":43},"end":{"line":109,"column":1}},"line":92},"4":{"name":"(anonymous_4)","decl":{"start":{"line":114,"column":23},"end":{"line":114,"column":24}},"loc":{"start":{"line":114,"column":43},"end":{"line":131,"column":1}},"line":114}},"branchMap":{"0":{"loc":{"start":{"line":29,"column":8},"end":{"line":31,"column":9}},"type":"if","locations":[{"start":{"line":29,"column":8},"end":{"line":31,"column":9}},{"start":{},"end":{}}],"line":29},"1":{"loc":{"start":{"line":62,"column":8},"end":{"line":64,"column":9}},"type":"if","locations":[{"start":{"line":62,"column":8},"end":{"line":64,"column":9}},{"start":{},"end":{}}],"line":62},"2":{"loc":{"start":{"line":100,"column":8},"end":{"line":102,"column":9}},"type":"if","locations":[{"start":{"line":100,"column":8},"end":{"line":102,"column":9}},{"start":{},"end":{}}],"line":100},"3":{"loc":{"start":{"line":122,"column":8},"end":{"line":124,"column":9}},"type":"if","locations":[{"start":{"line":122,"column":8},"end":{"line":124,"column":9}},{"start":{},"end":{}}],"line":122}},"s":{"0":0,"1":0,"2":0,"3":0,"4":0,"5":0,"6":0,"7":0,"8":0,"9":0,"10":0,"11":0,"12":0,"13":0,"14":0,"15":0,"16":0,"17":0,"18":0,"19":0,"20":0,"21":0,"22":0,"23":0,"24":0,"25":0,"26":0,"27":0,"28":0,"29":0,"30":0,"31":0,"32":0,"33":0,"34":0,"35":0,"36":0,"37":0,"38":0,"39":0,"40":0,"41":0,"42":0,"43":0,"44":0,"45":0,"46":0,"47":0,"48":0,"49":0,"50":0},"f":{"0":0,"1":0,"2":0,"3":0,"4":0},"b":{"0":[0,0],"1":[0,0],"2":[0,0],"3":[0,0]}},"C:\\Users\\HomePC\\Desktop\\Task-Manger\\Task-Manger-backend\\middleware\\activityLogger.js":{"path":"C:\\Users\\HomePC\\Desktop\\Task-Manger\\Task-Manger-backend\\middleware\\activityLogger.js","statementMap":{"0":{"start":{"line":1,"column":20},"end":{"line":1,"column":52}},"1":{"start":{"line":7,"column":20},"end":{"line":34,"column":1}},"2":{"start":{"line":8,"column":4},"end":{"line":33,"column":6}},"3":{"start":{"line":9,"column":8},"end":{"line":32,"column":9}},"4":{"start":{"line":11,"column":12},"end":{"line":25,"column":13}},"5":{"start":{"line":12,"column":28},"end":{"line":19,"column":18}},"6":{"start":{"line":22,"column":16},"end":{"line":24,"column":19}},"7":{"start":{"line":23,"column":20},"end":{"line":23,"column":66}},"8":{"start":{"line":27,"column":12},"end":{"line":27,"column":19}},"9":{"start":{"line":30,"column":12},"end":{"line":30,"column":60}},"10":{"start":{"line":31,"column":12},"end":{"line":31,"column":19}},"11":{"start":{"line":42,"column":26},"end":{"line":57,"column":1}},"12":{"start":{"line":43,"column":4},"end":{"line":56,"column":5}},"13":{"start":{"line":44,"column":20},"end":{"line":49,"column":10}},"14":{"start":{"line":51,"column":8},"end":{"line":51,"column":25}},"15":{"start":{"line":52,"column":8},"end":{"line":52,"column":19}},"16":{"start":{"line":54,"column":8},"end":{"line":54,"column":63}},"17":{"start":{"line":55,"column":8},"end":{"line":55,"column":20}},"18":{"start":{"line":59,"column":0},"end":{"line":59,"column":52}}},"fnMap":{"0":{"name":"(anonymous_0)","decl":{"start":{"line":7,"column":20},"end":{"line":7,"column":21}},"loc":{"start":{"line":7,"column":32},"end":{"line":34,"column":1}},"line":7},"1":{"name":"(anonymous_1)","decl":{"start":{"line":8,"column":11},"end":{"line":8,"column":12}},"loc":{"start":{"line":8,"column":37},"end":{"line":33,"column":5}},"line":8},"2":{"name":"(anonymous_2)","decl":{"start":{"line":22,"column":33},"end":{"line":22,"column":34}},"loc":{"start":{"line":22,"column":40},"end":{"line":24,"column":17}},"line":22},"3":{"name":"(anonymous_3)","decl":{"start":{"line":42,"column":26},"end":{"line":42,"column":27}},"loc":{"start":{"line":42,"column":64},"end":{"line":57,"column":1}},"line":42}},"branchMap":{"0":{"loc":{"start":{"line":11,"column":12},"end":{"line":25,"column":13}},"type":"if","locations":[{"start":{"line":11,"column":12},"end":{"line":25,"column":13}},{"start":{},"end":{}}],"line":11},"1":{"loc":{"start":{"line":16,"column":32},"end":{"line":16,"column":70}},"type":"binary-expr","locations":[{"start":{"line":16,"column":32},"end":{"line":16,"column":38}},{"start":{"line":16,"column":42},"end":{"line":16,"column":70}}],"line":16},"2":{"loc":{"start":{"line":42,"column":47},"end":{"line":42,"column":59}},"type":"default-arg","locations":[{"start":{"line":42,"column":57},"end":{"line":42,"column":59}}],"line":42},"3":{"loc":{"start":{"line":45,"column":21},"end":{"line":45,"column":44}},"type":"binary-expr","locations":[{"start":{"line":45,"column":21},"end":{"line":45,"column":29}},{"start":{"line":45,"column":33},"end":{"line":45,"column":44}}],"line":45}},"s":{"0":0,"1":0,"2":0,"3":0,"4":0,"5":0,"6":0,"7":0,"8":0,"9":0,"10":0,"11":0,"12":0,"13":0,"14":0,"15":0,"16":0,"17":0,"18":0},"f":{"0":0,"1":0,"2":0,"3":0},"b":{"0":[0,0],"1":[0,0],"2":[0],"3":[0,0]}},"C:\\Users\\HomePC\\Desktop\\Task-Manger\\Task-Manger-backend\\controllers\\userController.js":{"path":"C:\\Users\\HomePC\\Desktop\\Task-Manger\\Task-Manger-backend\\controllers\\userController.js","statementMap":{"0":{"start":{"line":1,"column":29},"end":{"line":1,"column":57}},"1":{"start":{"line":2,"column":13},"end":{"line":2,"column":38}},"2":{"start":{"line":4,"column":19},"end":{"line":11,"column":1}},"3":{"start":{"line":5,"column":2},"end":{"line":10,"column":3}},"4":{"start":{"line":6,"column":17},"end":{"line":6,"column":70}},"5":{"start":{"line":7,"column":4},"end":{"line":7,"column":44}},"6":{"start":{"line":9,"column":4},"end":{"line":9,"column":68}},"7":{"start":{"line":13,"column":22},"end":{"line":36,"column":1}},"8":{"start":{"line":14,"column":2},"end":{"line":35,"column":3}},"9":{"start":{"line":15,"column":19},"end":{"line":15,"column":40}},"10":{"start":{"line":16,"column":4},"end":{"line":18,"column":5}},"11":{"start":{"line":17,"column":6},"end":{"line":17,"column":84}},"12":{"start":{"line":20,"column":47},"end":{"line":20,"column":55}},"13":{"start":{"line":21,"column":23},"end":{"line":21,"column":25}},"14":{"start":{"line":23,"column":4},"end":{"line":23,"column":37}},"15":{"start":{"line":23,"column":14},"end":{"line":23,"column":37}},"16":{"start":{"line":24,"column":4},"end":{"line":24,"column":40}},"17":{"start":{"line":24,"column":15},"end":{"line":24,"column":40}},"18":{"start":{"line":25,"column":4},"end":{"line":25,"column":54}},"19":{"start":{"line":25,"column":29},"end":{"line":25,"column":54}},"20":{"start":{"line":26,"column":4},"end":{"line":26,"column":69}},"21":{"start":{"line":26,"column":34},"end":{"line":26,"column":69}},"22":{"start":{"line":28,"column":17},"end":{"line":28,"column":106}},"23":{"start":{"line":29,"column":4},"end":{"line":29,"column":44}},"24":{"start":{"line":31,"column":4},"end":{"line":33,"column":5}},"25":{"start":{"line":32,"column":6},"end":{"line":32,"column":85}},"26":{"start":{"line":34,"column":4},"end":{"line":34,"column":68}},"27":{"start":{"line":38,"column":20},"end":{"line":55,"column":1}},"28":{"start":{"line":39,"column":2},"end":{"line":54,"column":3}},"29":{"start":{"line":41,"column":28},"end":{"line":49,"column":5}},"30":{"start":{"line":51,"column":4},"end":{"line":51,"column":55}},"31":{"start":{"line":53,"column":4},"end":{"line":53,"column":68}},"32":{"start":{"line":57,"column":23},"end":{"line":65,"column":1}},"33":{"start":{"line":58,"column":2},"end":{"line":64,"column":3}},"34":{"start":{"line":61,"column":4},"end":{"line":61,"column":74}},"35":{"start":{"line":63,"column":4},"end":{"line":63,"column":68}},"36":{"start":{"line":67,"column":23},"end":{"line":88,"column":1}},"37":{"start":{"line":68,"column":2},"end":{"line":87,"column":3}},"38":{"start":{"line":69,"column":19},"end":{"line":69,"column":40}},"39":{"start":{"line":70,"column":4},"end":{"line":72,"column":5}},"40":{"start":{"line":71,"column":6},"end":{"line":71,"column":84}},"41":{"start":{"line":74,"column":45},"end":{"line":74,"column":53}},"42":{"start":{"line":75,"column":17},"end":{"line":75,"column":50}},"43":{"start":{"line":77,"column":4},"end":{"line":79,"column":5}},"44":{"start":{"line":78,"column":6},"end":{"line":78,"column":94}},"45":{"start":{"line":81,"column":4},"end":{"line":81,"column":32}},"46":{"start":{"line":82,"column":4},"end":{"line":82,"column":22}},"47":{"start":{"line":84,"column":4},"end":{"line":84,"column":74}},"48":{"start":{"line":86,"column":4},"end":{"line":86,"column":68}},"49":{"start":{"line":90,"column":0},"end":{"line":96,"column":2}}},"fnMap":{"0":{"name":"(anonymous_0)","decl":{"start":{"line":4,"column":19},"end":{"line":4,"column":20}},"loc":{"start":{"line":4,"column":39},"end":{"line":11,"column":1}},"line":4},"1":{"name":"(anonymous_1)","decl":{"start":{"line":13,"column":22},"end":{"line":13,"column":23}},"loc":{"start":{"line":13,"column":42},"end":{"line":36,"column":1}},"line":13},"2":{"name":"(anonymous_2)","decl":{"start":{"line":38,"column":20},"end":{"line":38,"column":21}},"loc":{"start":{"line":38,"column":40},"end":{"line":55,"column":1}},"line":38},"3":{"name":"(anonymous_3)","decl":{"start":{"line":57,"column":23},"end":{"line":57,"column":24}},"loc":{"start":{"line":57,"column":43},"end":{"line":65,"column":1}},"line":57},"4":{"name":"(anonymous_4)","decl":{"start":{"line":67,"column":23},"end":{"line":67,"column":24}},"loc":{"start":{"line":67,"column":43},"end":{"line":88,"column":1}},"line":67}},"branchMap":{"0":{"loc":{"start":{"line":16,"column":4},"end":{"line":18,"column":5}},"type":"if","locations":[{"start":{"line":16,"column":4},"end":{"line":18,"column":5}},{"start":{},"end":{}}],"line":16},"1":{"loc":{"start":{"line":23,"column":4},"end":{"line":23,"column":37}},"type":"if","locations":[{"start":{"line":23,"column":4},"end":{"line":23,"column":37}},{"start":{},"end":{}}],"line":23},"2":{"loc":{"start":{"line":24,"column":4},"end":{"line":24,"column":40}},"type":"if","locations":[{"start":{"line":24,"column":4},"end":{"line":24,"column":40}},{"start":{},"end":{}}],"line":24},"3":{"loc":{"start":{"line":25,"column":4},"end":{"line":25,"column":54}},"type":"if","locations":[{"start":{"line":25,"column":4},"end":{"line":25,"column":54}},{"start":{},"end":{}}],"line":25},"4":{"loc":{"start":{"line":26,"column":4},"end":{"line":26,"column":69}},"type":"if","locations":[{"start":{"line":26,"column":4},"end":{"line":26,"column":69}},{"start":{},"end":{}}],"line":26},"5":{"loc":{"start":{"line":31,"column":4},"end":{"line":33,"column":5}},"type":"if","locations":[{"start":{"line":31,"column":4},"end":{"line":33,"column":5}},{"start":{},"end":{}}],"line":31},"6":{"loc":{"start":{"line":70,"column":4},"end":{"line":72,"column":5}},"type":"if","locations":[{"start":{"line":70,"column":4},"end":{"line":72,"column":5}},{"start":{},"end":{}}],"line":70},"7":{"loc":{"start":{"line":77,"column":4},"end":{"line":79,"column":5}},"type":"if","locations":[{"start":{"line":77,"column":4},"end":{"line":79,"column":5}},{"start":{},"end":{}}],"line":77},"8":{"loc":{"start":{"line":77,"column":8},"end":{"line":77,"column":63}},"type":"binary-expr","locations":[{"start":{"line":77,"column":8},"end":{"line":77,"column":13}},{"start":{"line":77,"column":17},"end":{"line":77,"column":63}}],"line":77}},"s":{"0":0,"1":0,"2":0,"3":0,"4":0,"5":0,"6":0,"7":0,"8":0,"9":0,"10":0,"11":0,"12":0,"13":0,"14":0,"15":0,"16":0,"17":0,"18":0,"19":0,"20":0,"21":0,"22":0,"23":0,"24":0,"25":0,"26":0,"27":0,"28":0,"29":0,"30":0,"31":0,"32":0,"33":0,"34":0,"35":0,"36":0,"37":0,"38":0,"39":0,"40":0,"41":0,"42":0,"43":0,"44":0,"45":0,"46":0,"47":0,"48":0,"49":0},"f":{"0":0,"1":0,"2":0,"3":0,"4":0},"b":{"0":[0,0],"1":[0,0],"2":[0,0],"3":[0,0],"4":[0,0],"5":[0,0],"6":[0,0],"7":[0,0],"8":[0,0]}},"C:\\Users\\HomePC\\Desktop\\Task-Manger\\Task-Manger-backend\\controllers\\taskController.js":{"path":"C:\\Users\\HomePC\\Desktop\\Task-Manger\\Task-Manger-backend\\controllers\\taskController.js","statementMap":{"0":{"start":{"line":1,"column":29},"end":{"line":1,"column":57}},"1":{"start":{"line":2,"column":13},"end":{"line":2,"column":38}},"2":{"start":{"line":3,"column":17},"end":{"line":3,"column":46}},"3":{"start":{"line":4,"column":21},"end":{"line":4,"column":54}},"4":{"start":{"line":5,"column":13},"end":{"line":5,"column":38}},"5":{"start":{"line":6,"column":30},"end":{"line":6,"column":69}},"6":{"start":{"line":8,"column":17},"end":{"line":37,"column":1}},"7":{"start":{"line":9,"column":2},"end":{"line":36,"column":3}},"8":{"start":{"line":10,"column":28},"end":{"line":10,"column":37}},"9":{"start":{"line":11,"column":16},"end":{"line":11,"column":45}},"10":{"start":{"line":13,"column":4},"end":{"line":15,"column":5}},"11":{"start":{"line":14,"column":6},"end":{"line":14,"column":39}},"12":{"start":{"line":17,"column":4},"end":{"line":17,"column":38}},"13":{"start":{"line":17,"column":16},"end":{"line":17,"column":38}},"14":{"start":{"line":19,"column":4},"end":{"line":25,"column":5}},"15":{"start":{"line":20,"column":20},"end":{"line":20,"column":30}},"16":{"start":{"line":21,"column":6},"end":{"line":21,"column":33}},"17":{"start":{"line":22,"column":23},"end":{"line":22,"column":38}},"18":{"start":{"line":23,"column":6},"end":{"line":23,"column":47}},"19":{"start":{"line":24,"column":6},"end":{"line":24,"column":54}},"20":{"start":{"line":27,"column":18},"end":{"line":30,"column":30}},"21":{"start":{"line":32,"column":4},"end":{"line":32,"column":45}},"22":{"start":{"line":34,"column":4},"end":{"line":34,"column":45}},"23":{"start":{"line":35,"column":4},"end":{"line":35,"column":77}},"24":{"start":{"line":39,"column":19},"end":{"line":97,"column":1}},"25":{"start":{"line":40,"column":2},"end":{"line":96,"column":3}},"26":{"start":{"line":41,"column":19},"end":{"line":41,"column":40}},"27":{"start":{"line":42,"column":4},"end":{"line":44,"column":5}},"28":{"start":{"line":43,"column":6},"end":{"line":43,"column":84}},"29":{"start":{"line":46,"column":17},"end":{"line":50,"column":6}},"30":{"start":{"line":52,"column":4},"end":{"line":52,"column":22}},"31":{"start":{"line":54,"column":26},"end":{"line":56,"column":37}},"32":{"start":{"line":59,"column":4},"end":{"line":87,"column":5}},"33":{"start":{"line":60,"column":27},"end":{"line":60,"column":68}},"34":{"start":{"line":61,"column":6},"end":{"line":83,"column":7}},"35":{"start":{"line":62,"column":29},"end":{"line":68,"column":10}},"36":{"start":{"line":69,"column":8},"end":{"line":69,"column":34}},"37":{"start":{"line":70,"column":8},"end":{"line":70,"column":73}},"38":{"start":{"line":73,"column":19},"end":{"line":73,"column":36}},"39":{"start":{"line":74,"column":8},"end":{"line":82,"column":9}},"40":{"start":{"line":75,"column":10},"end":{"line":81,"column":13}},"41":{"start":{"line":85,"column":6},"end":{"line":85,"column":66}},"42":{"start":{"line":90,"column":4},"end":{"line":90,"column":118}},"43":{"start":{"line":92,"column":4},"end":{"line":92,"column":65}},"44":{"start":{"line":94,"column":4},"end":{"line":94,"column":49}},"45":{"start":{"line":95,"column":4},"end":{"line":95,"column":77}},"46":{"start":{"line":99,"column":16},"end":{"line":117,"column":1}},"47":{"start":{"line":100,"column":2},"end":{"line":116,"column":3}},"48":{"start":{"line":101,"column":17},"end":{"line":103,"column":37}},"49":{"start":{"line":105,"column":4},"end":{"line":107,"column":5}},"50":{"start":{"line":106,"column":6},"end":{"line":106,"column":79}},"51":{"start":{"line":109,"column":4},"end":{"line":111,"column":5}},"52":{"start":{"line":110,"column":6},"end":{"line":110,"column":78}},"53":{"start":{"line":113,"column":4},"end":{"line":113,"column":44}},"54":{"start":{"line":115,"column":4},"end":{"line":115,"column":68}},"55":{"start":{"line":119,"column":19},"end":{"line":198,"column":1}},"56":{"start":{"line":120,"column":2},"end":{"line":197,"column":3}},"57":{"start":{"line":121,"column":17},"end":{"line":121,"column":86}},"58":{"start":{"line":122,"column":4},"end":{"line":124,"column":5}},"59":{"start":{"line":123,"column":6},"end":{"line":123,"column":79}},"60":{"start":{"line":126,"column":4},"end":{"line":128,"column":5}},"61":{"start":{"line":127,"column":6},"end":{"line":127,"column":78}},"62":{"start":{"line":130,"column":24},"end":{"line":136,"column":37}},"63":{"start":{"line":139,"column":4},"end":{"line":191,"column":5}},"64":{"start":{"line":143,"column":6},"end":{"line":164,"column":7}},"65":{"start":{"line":144,"column":29},"end":{"line":150,"column":10}},"66":{"start":{"line":151,"column":8},"end":{"line":151,"column":34}},"67":{"start":{"line":154,"column":19},"end":{"line":154,"column":36}},"68":{"start":{"line":155,"column":8},"end":{"line":163,"column":9}},"69":{"start":{"line":156,"column":10},"end":{"line":162,"column":13}},"70":{"start":{"line":167,"column":6},"end":{"line":188,"column":7}},"71":{"start":{"line":168,"column":29},"end":{"line":174,"column":10}},"72":{"start":{"line":175,"column":8},"end":{"line":175,"column":34}},"73":{"start":{"line":178,"column":19},"end":{"line":178,"column":36}},"74":{"start":{"line":179,"column":8},"end":{"line":187,"column":9}},"75":{"start":{"line":180,"column":10},"end":{"line":186,"column":13}},"76":{"start":{"line":190,"column":6},"end":{"line":190,"column":66}},"77":{"start":{"line":193,"column":4},"end":{"line":193,"column":51}},"78":{"start":{"line":195,"column":4},"end":{"line":195,"column":47}},"79":{"start":{"line":196,"column":4},"end":{"line":196,"column":77}},"80":{"start":{"line":200,"column":23},"end":{"line":219,"column":1}},"81":{"start":{"line":201,"column":2},"end":{"line":218,"column":3}},"82":{"start":{"line":202,"column":4},"end":{"line":204,"column":5}},"83":{"start":{"line":203,"column":6},"end":{"line":203,"column":81}},"84":{"start":{"line":206,"column":21},"end":{"line":212,"column":6}},"85":{"start":{"line":214,"column":4},"end":{"line":214,"column":26}},"86":{"start":{"line":215,"column":4},"end":{"line":215,"column":60}},"87":{"start":{"line":217,"column":4},"end":{"line":217,"column":68}},"88":{"start":{"line":221,"column":21},"end":{"line":229,"column":1}},"89":{"start":{"line":222,"column":2},"end":{"line":228,"column":3}},"90":{"start":{"line":223,"column":18},"end":{"line":224,"column":38}},"91":{"start":{"line":225,"column":4},"end":{"line":225,"column":45}},"92":{"start":{"line":227,"column":4},"end":{"line":227,"column":68}},"93":{"start":{"line":231,"column":0},"end":{"line":238,"column":2}}},"fnMap":{"0":{"name":"(anonymous_0)","decl":{"start":{"line":8,"column":17},"end":{"line":8,"column":18}},"loc":{"start":{"line":8,"column":37},"end":{"line":37,"column":1}},"line":8},"1":{"name":"(anonymous_1)","decl":{"start":{"line":39,"column":19},"end":{"line":39,"column":20}},"loc":{"start":{"line":39,"column":39},"end":{"line":97,"column":1}},"line":39},"2":{"name":"(anonymous_2)","decl":{"start":{"line":99,"column":16},"end":{"line":99,"column":17}},"loc":{"start":{"line":99,"column":36},"end":{"line":117,"column":1}},"line":99},"3":{"name":"(anonymous_3)","decl":{"start":{"line":119,"column":19},"end":{"line":119,"column":20}},"loc":{"start":{"line":119,"column":39},"end":{"line":198,"column":1}},"line":119},"4":{"name":"(anonymous_4)","decl":{"start":{"line":200,"column":23},"end":{"line":200,"column":24}},"loc":{"start":{"line":200,"column":43},"end":{"line":219,"column":1}},"line":200},"5":{"name":"(anonymous_5)","decl":{"start":{"line":221,"column":21},"end":{"line":221,"column":22}},"loc":{"start":{"line":221,"column":41},"end":{"line":229,"column":1}},"line":221}},"branchMap":{"0":{"loc":{"start":{"line":13,"column":4},"end":{"line":15,"column":5}},"type":"if","locations":[{"start":{"line":13,"column":4},"end":{"line":15,"column":5}},{"start":{},"end":{}}],"line":13},"1":{"loc":{"start":{"line":17,"column":4},"end":{"line":17,"column":38}},"type":"if","locations":[{"start":{"line":17,"column":4},"end":{"line":17,"column":38}},{"start":{},"end":{}}],"line":17},"2":{"loc":{"start":{"line":19,"column":4},"end":{"line":25,"column":5}},"type":"if","locations":[{"start":{"line":19,"column":4},"end":{"line":25,"column":5}},{"start":{},"end":{}}],"line":19},"3":{"loc":{"start":{"line":42,"column":4},"end":{"line":44,"column":5}},"type":"if","locations":[{"start":{"line":42,"column":4},"end":{"line":44,"column":5}},{"start":{},"end":{}}],"line":42},"4":{"loc":{"start":{"line":61,"column":6},"end":{"line":83,"column":7}},"type":"if","locations":[{"start":{"line":61,"column":6},"end":{"line":83,"column":7}},{"start":{},"end":{}}],"line":61},"5":{"loc":{"start":{"line":74,"column":8},"end":{"line":82,"column":9}},"type":"if","locations":[{"start":{"line":74,"column":8},"end":{"line":82,"column":9}},{"start":{},"end":{}}],"line":74},"6":{"loc":{"start":{"line":74,"column":12},"end":{"line":74,"column":37}},"type":"binary-expr","locations":[{"start":{"line":74,"column":12},"end":{"line":74,"column":14}},{"start":{"line":74,"column":18},"end":{"line":74,"column":37}}],"line":74},"7":{"loc":{"start":{"line":105,"column":4},"end":{"line":107,"column":5}},"type":"if","locations":[{"start":{"line":105,"column":4},"end":{"line":107,"column":5}},{"start":{},"end":{}}],"line":105},"8":{"loc":{"start":{"line":109,"column":4},"end":{"line":111,"column":5}},"type":"if","locations":[{"start":{"line":109,"column":4},"end":{"line":111,"column":5}},{"start":{},"end":{}}],"line":109},"9":{"loc":{"start":{"line":109,"column":8},"end":{"line":109,"column":99}},"type":"binary-expr","locations":[{"start":{"line":109,"column":8},"end":{"line":109,"column":36}},{"start":{"line":109,"column":40},"end":{"line":109,"column":99}}],"line":109},"10":{"loc":{"start":{"line":122,"column":4},"end":{"line":124,"column":5}},"type":"if","locations":[{"start":{"line":122,"column":4},"end":{"line":124,"column":5}},{"start":{},"end":{}}],"line":122},"11":{"loc":{"start":{"line":126,"column":4},"end":{"line":128,"column":5}},"type":"if","locations":[{"start":{"line":126,"column":4},"end":{"line":128,"column":5}},{"start":{},"end":{}}],"line":126},"12":{"loc":{"start":{"line":126,"column":8},"end":{"line":126,"column":95}},"type":"binary-expr","locations":[{"start":{"line":126,"column":8},"end":{"line":126,"column":36}},{"start":{"line":126,"column":40},"end":{"line":126,"column":95}}],"line":126},"13":{"loc":{"start":{"line":143,"column":6},"end":{"line":164,"column":7}},"type":"if","locations":[{"start":{"line":143,"column":6},"end":{"line":164,"column":7}},{"start":{},"end":{}}],"line":143},"14":{"loc":{"start":{"line":155,"column":8},"end":{"line":163,"column":9}},"type":"if","locations":[{"start":{"line":155,"column":8},"end":{"line":163,"column":9}},{"start":{},"end":{}}],"line":155},"15":{"loc":{"start":{"line":155,"column":12},"end":{"line":155,"column":37}},"type":"binary-expr","locations":[{"start":{"line":155,"column":12},"end":{"line":155,"column":14}},{"start":{"line":155,"column":18},"end":{"line":155,"column":37}}],"line":155},"16":{"loc":{"start":{"line":167,"column":6},"end":{"line":188,"column":7}},"type":"if","locations":[{"start":{"line":167,"column":6},"end":{"line":188,"column":7}},{"start":{},"end":{}}],"line":167},"17":{"loc":{"start":{"line":167,"column":10},"end":{"line":167,"column":102}},"type":"binary-expr","locations":[{"start":{"line":167,"column":10},"end":{"line":167,"column":76}},{"start":{"line":167,"column":80},"end":{"line":167,"column":102}}],"line":167},"18":{"loc":{"start":{"line":179,"column":8},"end":{"line":187,"column":9}},"type":"if","locations":[{"start":{"line":179,"column":8},"end":{"line":187,"column":9}},{"start":{},"end":{}}],"line":179},"19":{"loc":{"start":{"line":179,"column":12},"end":{"line":179,"column":37}},"type":"binary-expr","locations":[{"start":{"line":179,"column":12},"end":{"line":179,"column":14}},{"start":{"line":179,"column":18},"end":{"line":179,"column":37}}],"line":179},"20":{"loc":{"start":{"line":202,"column":4},"end":{"line":204,"column":5}},"type":"if","locations":[{"start":{"line":202,"column":4},"end":{"line":204,"column":5}},{"start":{},"end":{}}],"line":202}},"s":{"0":0,"1":0,"2":0,"3":0,"4":0,"5":0,"6":0,"7":0,"8":0,"9":0,"10":0,"11":0,"12":0,"13":0,"14":0,"15":0,"16":0,"17":0,"18":0,"19":0,"20":0,"21":0,"22":0,"23":0,"24":0,"25":0,"26":0,"27":0,"28":0,"29":0,"30":0,"31":0,"32":0,"33":0,"34":0,"35":0,"36":0,"37":0,"38":0,"39":0,"40":0,"41":0,"42":0,"43":0,"44":0,"45":0,"46":0,"47":0,"48":0,"49":0,"50":0,"51":0,"52":0,"53":0,"54":0,"55":0,"56":0,"57":0,"58":0,"59":0,"60":0,"61":0,"62":0,"63":0,"64":0,"65":0,"66":0,"67":0,"68":0,"69":0,"70":0,"71":0,"72":0,"73":0,"74":0,"75":0,"76":0,"77":0,"78":0,"79":0,"80":0,"81":0,"82":0,"83":0,"84":0,"85":0,"86":0,"87":0,"88":0,"89":0,"90":0,"91":0,"92":0,"93":0},"f":{"0":0,"1":0,"2":0,"3":0,"4":0,"5":0},"b":{"0":[0,0],"1":[0,0],"2":[0,0],"3":[0,0],"4":[0,0],"5":[0,0],"6":[0,0],"7":[0,0],"8":[0,0],"9":[0,0],"10":[0,0],"11":[0,0],"12":[0,0],"13":[0,0],"14":[0,0],"15":[0,0],"16":[0,0],"17":[0,0],"18":[0,0],"19":[0,0],"20":[0,0]}},"C:\\Users\\HomePC\\Desktop\\Task-Manger\\Task-Manger-backend\\models\\ActivityLog.js":{"path":"C:\\Users\\HomePC\\Desktop\\Task-Manger\\Task-Manger-backend\\models\\ActivityLog.js","statementMap":{"0":{"start":{"line":1,"column":17},"end":{"line":1,"column":36}},"1":{"start":{"line":3,"column":26},"end":{"line":10,"column":24}},"2":{"start":{"line":13,"column":0},"end":{"line":13,"column":55}},"3":{"start":{"line":14,"column":0},"end":{"line":14,"column":55}},"4":{"start":{"line":15,"column":0},"end":{"line":15,"column":39}},"5":{"start":{"line":16,"column":0},"end":{"line":16,"column":43}},"6":{"start":{"line":18,"column":0},"end":{"line":18,"column":66}}},"fnMap":{},"branchMap":{},"s":{"0":0,"1":0,"2":0,"3":0,"4":0,"5":0,"6":0},"f":{},"b":{}},"C:\\Users\\HomePC\\Desktop\\Task-Manger\\Task-Manger-backend\\models\\TaskFile.js":{"path":"C:\\Users\\HomePC\\Desktop\\Task-Manger\\Task-Manger-backend\\models\\TaskFile.js","statementMap":{"0":{"start":{"line":1,"column":17},"end":{"line":1,"column":36}},"1":{"start":{"line":3,"column":23},"end":{"line":9,"column":24}},"2":{"start":{"line":11,"column":0},"end":{"line":11,"column":60}}},"fnMap":{},"branchMap":{},"s":{"0":0,"1":0,"2":0},"f":{},"b":{}},"C:\\Users\\HomePC\\Desktop\\Task-Manger\\Task-Manger-backend\\models\\TaskTemplate.js":{"path":"C:\\Users\\HomePC\\Desktop\\Task-Manger\\Task-Manger-backend\\models\\TaskTemplate.js","statementMap":{"0":{"start":{"line":1,"column":17},"end":{"line":1,"column":36}},"1":{"start":{"line":3,"column":27},"end":{"line":12,"column":24}},"2":{"start":{"line":15,"column":0},"end":{"line":15,"column":55}},"3":{"start":{"line":16,"column":0},"end":{"line":16,"column":44}},"4":{"start":{"line":18,"column":0},"end":{"line":18,"column":68}}},"fnMap":{},"branchMap":{},"s":{"0":0,"1":0,"2":0,"3":0,"4":0},"f":{},"b":{}},"C:\\Users\\HomePC\\Desktop\\Task-Manger\\Task-Manger-backend\\middleware\\cache.js":{"path":"C:\\Users\\HomePC\\Desktop\\Task-Manger\\Task-Manger-backend\\middleware\\cache.js","statementMap":{"0":{"start":{"line":1,"column":14},"end":{"line":1,"column":32}},"1":{"start":{"line":4,"column":12},"end":{"line":4,"column":16}},"2":{"start":{"line":6,"column":0},"end":{"line":34,"column":1}},"3":{"start":{"line":7,"column":2},"end":{"line":22,"column":5}},"4":{"start":{"line":12,"column":6},"end":{"line":15,"column":7}},"5":{"start":{"line":13,"column":8},"end":{"line":13,"column":76}},"6":{"start":{"line":14,"column":8},"end":{"line":14,"column":20}},"7":{"start":{"line":16,"column":20},"end":{"line":16,"column":46}},"8":{"start":{"line":17,"column":6},"end":{"line":17,"column":19}},"9":{"start":{"line":24,"column":2},"end":{"line":24,"column":68}},"10":{"start":{"line":24,"column":28},"end":{"line":24,"column":66}},"11":{"start":{"line":25,"column":2},"end":{"line":30,"column":5}},"12":{"start":{"line":27,"column":4},"end":{"line":29,"column":5}},"13":{"start":{"line":32,"column":2},"end":{"line":32,"column":73}},"14":{"start":{"line":33,"column":2},"end":{"line":33,"column":15}},"15":{"start":{"line":37,"column":22},"end":{"line":71,"column":1}},"16":{"start":{"line":38,"column":2},"end":{"line":70,"column":4}},"17":{"start":{"line":40,"column":4},"end":{"line":42,"column":5}},"18":{"start":{"line":41,"column":6},"end":{"line":41,"column":20}},"19":{"start":{"line":44,"column":4},"end":{"line":69,"column":5}},"20":{"start":{"line":45,"column":23},"end":{"line":45,"column":47}},"21":{"start":{"line":46,"column":25},"end":{"line":46,"column":50}},"22":{"start":{"line":48,"column":6},"end":{"line":51,"column":7}},"23":{"start":{"line":49,"column":8},"end":{"line":49,"column":54}},"24":{"start":{"line":50,"column":8},"end":{"line":50,"column":48}},"25":{"start":{"line":54,"column":27},"end":{"line":54,"column":45}},"26":{"start":{"line":57,"column":6},"end":{"line":63,"column":8}},"27":{"start":{"line":58,"column":8},"end":{"line":58,"column":69}},"28":{"start":{"line":59,"column":8},"end":{"line":61,"column":10}},"29":{"start":{"line":60,"column":10},"end":{"line":60,"column":68}},"30":{"start":{"line":62,"column":8},"end":{"line":62,"column":34}},"31":{"start":{"line":65,"column":6},"end":{"line":65,"column":13}},"32":{"start":{"line":67,"column":6},"end":{"line":67,"column":62}},"33":{"start":{"line":68,"column":6},"end":{"line":68,"column":13}},"34":{"start":{"line":74,"column":19},"end":{"line":86,"column":1}},"35":{"start":{"line":75,"column":2},"end":{"line":75,"column":21}},"36":{"start":{"line":75,"column":14},"end":{"line":75,"column":21}},"37":{"start":{"line":77,"column":2},"end":{"line":85,"column":3}},"38":{"start":{"line":78,"column":17},"end":{"line":78,"column":51}},"39":{"start":{"line":79,"column":4},"end":{"line":82,"column":5}},"40":{"start":{"line":80,"column":6},"end":{"line":80,"column":31}},"41":{"start":{"line":81,"column":6},"end":{"line":81,"column":86}},"42":{"start":{"line":84,"column":4},"end":{"line":84,"column":61}},"43":{"start":{"line":89,"column":24},"end":{"line":99,"column":1}},"44":{"start":{"line":90,"column":2},"end":{"line":90,"column":21}},"45":{"start":{"line":90,"column":14},"end":{"line":90,"column":21}},"46":{"start":{"line":92,"column":2},"end":{"line":98,"column":3}},"47":{"start":{"line":93,"column":21},"end":{"line":93,"column":33}},"48":{"start":{"line":94,"column":4},"end":{"line":94,"column":30}},"49":{"start":{"line":95,"column":4},"end":{"line":95,"column":47}},"50":{"start":{"line":97,"column":4},"end":{"line":97,"column":66}},"51":{"start":{"line":101,"column":0},"end":{"line":106,"column":2}}},"fnMap":{"0":{"name":"(anonymous_0)","decl":{"start":{"line":10,"column":19},"end":{"line":10,"column":20}},"loc":{"start":{"line":10,"column":30},"end":{"line":18,"column":5}},"line":10},"1":{"name":"(anonymous_1)","decl":{"start":{"line":24,"column":22},"end":{"line":24,"column":23}},"loc":{"start":{"line":24,"column":28},"end":{"line":24,"column":66}},"line":24},"2":{"name":"(anonymous_2)","decl":{"start":{"line":25,"column":20},"end":{"line":25,"column":21}},"loc":{"start":{"line":25,"column":29},"end":{"line":30,"column":3}},"line":25},"3":{"name":"(anonymous_3)","decl":{"start":{"line":37,"column":22},"end":{"line":37,"column":23}},"loc":{"start":{"line":37,"column":37},"end":{"line":71,"column":1}},"line":37},"4":{"name":"(anonymous_4)","decl":{"start":{"line":38,"column":9},"end":{"line":38,"column":10}},"loc":{"start":{"line":38,"column":35},"end":{"line":70,"column":3}},"line":38},"5":{"name":"(anonymous_5)","decl":{"start":{"line":57,"column":17},"end":{"line":57,"column":18}},"loc":{"start":{"line":57,"column":33},"end":{"line":63,"column":7}},"line":57},"6":{"name":"(anonymous_6)","decl":{"start":{"line":59,"column":63},"end":{"line":59,"column":64}},"loc":{"start":{"line":60,"column":10},"end":{"line":60,"column":68}},"line":60},"7":{"name":"(anonymous_7)","decl":{"start":{"line":74,"column":19},"end":{"line":74,"column":20}},"loc":{"start":{"line":74,"column":44},"end":{"line":86,"column":1}},"line":74},"8":{"name":"(anonymous_8)","decl":{"start":{"line":89,"column":24},"end":{"line":89,"column":25}},"loc":{"start":{"line":89,"column":39},"end":{"line":99,"column":1}},"line":89}},"branchMap":{"0":{"loc":{"start":{"line":8,"column":10},"end":{"line":8,"column":47}},"type":"binary-expr","locations":[{"start":{"line":8,"column":10},"end":{"line":8,"column":32}},{"start":{"line":8,"column":36},"end":{"line":8,"column":47}}],"line":8},"1":{"loc":{"start":{"line":9,"column":10},"end":{"line":9,"column":40}},"type":"binary-expr","locations":[{"start":{"line":9,"column":10},"end":{"line":9,"column":32}},{"start":{"line":9,"column":36},"end":{"line":9,"column":40}}],"line":9},"2":{"loc":{"start":{"line":12,"column":6},"end":{"line":15,"column":7}},"type":"if","locations":[{"start":{"line":12,"column":6},"end":{"line":15,"column":7}},{"start":{},"end":{}}],"line":12},"3":{"loc":{"start":{"line":27,"column":4},"end":{"line":29,"column":5}},"type":"if","locations":[{"start":{"line":27,"column":4},"end":{"line":29,"column":5}},{"start":{},"end":{}}],"line":27},"4":{"loc":{"start":{"line":37,"column":23},"end":{"line":37,"column":32}},"type":"default-arg","locations":[{"start":{"line":37,"column":29},"end":{"line":37,"column":32}}],"line":37},"5":{"loc":{"start":{"line":40,"column":4},"end":{"line":42,"column":5}},"type":"if","locations":[{"start":{"line":40,"column":4},"end":{"line":42,"column":5}},{"start":{},"end":{}}],"line":40},"6":{"loc":{"start":{"line":40,"column":8},"end":{"line":40,"column":38}},"type":"binary-expr","locations":[{"start":{"line":40,"column":8},"end":{"line":40,"column":28}},{"start":{"line":40,"column":32},"end":{"line":40,"column":38}}],"line":40},"7":{"loc":{"start":{"line":48,"column":6},"end":{"line":51,"column":7}},"type":"if","locations":[{"start":{"line":48,"column":6},"end":{"line":51,"column":7}},{"start":{},"end":{}}],"line":48},"8":{"loc":{"start":{"line":74,"column":26},"end":{"line":74,"column":39}},"type":"default-arg","locations":[{"start":{"line":74,"column":36},"end":{"line":74,"column":39}}],"line":74},"9":{"loc":{"start":{"line":75,"column":2},"end":{"line":75,"column":21}},"type":"if","locations":[{"start":{"line":75,"column":2},"end":{"line":75,"column":21}},{"start":{},"end":{}}],"line":75},"10":{"loc":{"start":{"line":79,"column":4},"end":{"line":82,"column":5}},"type":"if","locations":[{"start":{"line":79,"column":4},"end":{"line":82,"column":5}},{"start":{},"end":{}}],"line":79},"11":{"loc":{"start":{"line":90,"column":2},"end":{"line":90,"column":21}},"type":"if","locations":[{"start":{"line":90,"column":2},"end":{"line":90,"column":21}},{"start":{},"end":{}}],"line":90}},"s":{"0":0,"1":0,"2":0,"3":0,"4":0,"5":0,"6":0,"7":0,"8":0,"9":0,"10":0,"11":0,"12":0,"13":0,"14":0,"15":0,"16":0,"17":0,"18":0,"19":0,"20":0,"21":0,"22":0,"23":0,"24":0,"25":0,"26":0,"27":0,"28":0,"29":0,"30":0,"31":0,"32":0,"33":0,"34":0,"35":0,"36":0,"37":0,"38":0,"39":0,"40":0,"41":0,"42":0,"43":0,"44":0,"45":0,"46":0,"47":0,"48":0,"49":0,"50":0,"51":0},"f":{"0":0,"1":0,"2":0,"3":0,"4":0,"5":0,"6":0,"7":0,"8":0},"b":{"0":[0,0],"1":[0,0],"2":[0,0],"3":[0,0],"4":[0],"5":[0,0],"6":[0,0],"7":[0,0],"8":[0],"9":[0,0],"10":[0,0],"11":[0,0]}},"C:\\Users\\HomePC\\Desktop\\Task-Manger\\Task-Manger-backend\\controllers\\analyticsController.js":{"path":"C:\\Users\\HomePC\\Desktop\\Task-Manger\\Task-Manger-backend\\controllers\\analyticsController.js","statementMap":{"0":{"start":{"line":1,"column":13},"end":{"line":1,"column":38}},"1":{"start":{"line":2,"column":13},"end":{"line":2,"column":38}},"2":{"start":{"line":7,"column":33},"end":{"line":55,"column":1}},"3":{"sta
[...]
},"241":{"start":{"line":579,"column":4},"end":{"line":579,"column":51}},"242":{"start":{"line":581,"column":4},"end":{"line":581,"column":53}},"243":{"start":{"line":582,"column":4},"end":{"line":582,"column":68}},"244":{"start":{"line":586,"column":0},"end":{"line":602,"column":2}}},"fnMap":{"0":{"name":"(anonymous_0)","decl":{"start":{"line":10,"column":15},"end":{"line":10,"column":16}},"loc":{"start":{"line":10,"column":34},"end":{"line":12,"column":3}},"line":10},"1":{"name":"(anonymous_1)","decl":{"start":{"line":13,"column":12},"end":{"line":13,"column":13}},"loc":{"start":{"line":13,"column":31},"end":{"line":16,"column":3}},"line":13},"2":{"name":"(anonymous_2)","decl":{"start":{"line":22,"column":14},"end":{"line":22,"column":15}},"loc":{"start":{"line":22,"column":33},"end":{"line":32,"column":3}},"line":22},"3":{"name":"(anonymous_3)","decl":{"start":{"line":36,"column":20},"end":{"line":36,"column":21}},"loc":{"start":{"line":36,"column":40},"end":{"line":80,"column":1}},"line":36},"4":{"name":"(anonymous_4)","decl":{"start":{"line":83,"column":20},"end":{"line":83,"column":21}},"loc":{"start":{"line":83,"column":40},"end":{"line":160,"column":1}},"line":83},"5":{"name":"(anonymous_5)","decl":{"start":{"line":163,"column":26},"end":{"line":163,"column":27}},"loc":{"start":{"line":163,"column":46},"end":{"line":190,"column":1}},"line":163},"6":{"name":"(anonymous_6)","decl":{"start":{"line":193,"column":22},"end":{"line":193,"column":23}},"loc":{"start":{"line":193,"column":42},"end":{"line":227,"column":1}},"line":193},"7":{"name":"(anonymous_7)","decl":{"start":{"line":230,"column":20},"end":{"line":230,"column":21}},"loc":{"start":{"line":230,"column":40},"end":{"line":265,"column":1}},"line":230},"8":{"name":"(anonymous_8)","decl":{"start":{"line":268,"column":23},"end":{"line":268,"column":24}},"loc":{"start":{"line":268,"column":43},"end":{"line":298,"column":1}},"line":268},"9":{"name":"(anonymous_9)","decl":{"start":{"line":301,"column":23},"end":{"line":301,"column":24}},"loc":{"start":{"line":301,"column":43},"end":{"line":336,"column":1}},"line":301},"10":{"name":"(anonymous_10)","decl":{"start":{"line":339,"column":23},"end":{"line":339,"column":24}},"loc":{"start":{"line":339,"column":43},"end":{"line":376,"column":1}},"line":339},"11":{"name":"(anonymous_11)","decl":{"start":{"line":379,"column":20},"end":{"line":379,"column":21}},"loc":{"start":{"line":379,"column":40},"end":{"line":429,"column":1}},"line":379},"12":{"name":"(anonymous_12)","decl":{"start":{"line":432,"column":22},"end":{"line":432,"column":23}},"loc":{"start":{"line":432,"column":42},"end":{"line":470,"column":1}},"line":432},"13":{"name":"(anonymous_13)","decl":{"start":{"line":473,"column":19},"end":{"line":473,"column":20}},"loc":{"start":{"line":473,"column":39},"end":{"line":514,"column":1}},"line":473},"14":{"name":"(anonymous_14)","decl":{"start":{"line":517,"column":26},"end":{"line":517,"column":27}},"loc":{"start":{"line":517,"column":46},"end":{"line":544,"column":1}},"line":517},"15":{"name":"(anonymous_15)","decl":{"start":{"line":547,"column":23},"end":{"line":547,"column":24}},"loc":{"start":{"line":547,"column":43},"end":{"line":562,"column":1}},"line":547},"16":{"name":"(anonymous_16)","decl":{"start":{"line":565,"column":25},"end":{"line":565,"column":26}},"loc":{"start":{"line":565,"column":45},"end":{"line":584,"column":1}},"line":565},"17":{"name":"(anonymous_17)","decl":{"start":{"line":571,"column":38},"end":{"line":571,"column":39}},"loc":{"start":{"line":571,"column":47},"end":{"line":577,"column":5}},"line":571}},"branchMap":{"0":{"loc":{"start":{"line":27,"column":4},"end":{"line":31,"column":5}},"type":"if","locations":[{"start":{"line":27,"column":4},"end":{"line":31,"column":5}},{"start":{"line":29,"column":11},"end":{"line":31,"column":5}}],"line":27},"1":{"loc":{"start":{"line":27,"column":8},"end":{"line":27,"column":27}},"type":"binary-expr","locations":[{"start":{"line":27,"column":8},"end":{"line":27,"column":16}},{"start":{"line":27,"column":20},"end":{"line":27,"column":27}}],"line":27},"2":{"loc":{"start":{"line":38,"column":20},"end":{"line":38,"column":49}},"type":"binary-expr","locations":[{"start":{"line":38,"column":20},"end":{"line":38,"column":36}},{"start":{"line":38,"column":40},"end":{"line":38,"column":49}}],"line":38},"3":{"loc":{"start":{"line":39,"column":26},"end":{"line":39,"column":36}},"type":"default-arg","locations":[{"start":{"line":39,"column":34},"end":{"line":39,"column":36}}],"line":39},"4":{"loc":{"start":{"line":39,"column":38},"end":{"line":39,"column":46}},"type":"default-arg","locations":[{"start":{"line":39,"column":45},"end":{"line":39,"column":46}}],"line":39},"5":{"loc":{"start":{"line":39,"column":48},"end":{"line":39,"column":70}},"type":"default-arg","locations":[{"start":{"line":39,"column":65},"end":{"line":39,"column":70}}],"line":39},"6":{"loc":{"start":{"line":44,"column":4},"end":{"line":46,"column":5}},"type":"if","locations":[{"start":{"line":44,"column":4},"end":{"line":46,"column":5}},{"start":{},"end":{}}],"line":44},"7":{"loc":{"start":{"line":48,"column":4},"end":{"line":60,"column":5}},"type":"if","locations":[{"start":{"line":48,"column":4},"end":{"line":60,"column":5}},{"start":{"line":57,"column":11},"end":{"line":60,"column":5}}],"line":48},"8":{"loc":{"start":{"line":89,"column":4},"end":{"line":92,"column":5}},"type":"if","locations":[{"start":{"line":89,"column":4},"end":{"line":92,"column":5}},{"start":{},"end":{}}],"line":89},"9":{"loc":{"start":{"line":94,"column":20},"end":{"line":94,"column":49}},"type":"binary-expr","locations":[{"start":{"line":94,"column":20},"end":{"line":94,"column":36}},{"start":{"line":94,"column":40},"end":{"line":94,"column":49}}],"line":94},"10":{"loc":{"start":{"line":100,"column":20},"end":{"line":100,"column":40}},"type":"binary-expr","locations":[{"start":{"line":100,"column":20},"end":{"line":100,"column":32}},{"start":{"line":100,"column":36},"end":{"line":100,"column":40}}],"line":100},"11":{"loc":{"start":{"line":103,"column":15},"end":{"line":103,"column":30}},"type":"binary-expr","locations":[{"start":{"line":103,"column":15},"end":{"line":103,"column":22}},{"start":{"line":103,"column":26},"end":{"line":103,"column":30}}],"line":103},"12":{"loc":{"start":{"line":104,"column":19},"end":{"line":104,"column":45}},"type":"binary-expr","locations":[{"start":{"line":104,"column":19},"end":{"line":104,"column":39}},{"start":{"line":104,"column":43},"end":{"line":104,"column":45}}],"line":104},"13":{"loc":{"start":{"line":110,"column":4},"end":{"line":112,"column":5}},"type":"if","locations":[{"start":{"line":110,"column":4},"end":{"line":112,"column":5}},{"start":{},"end":{}}],"line":110},"14":{"loc":{"start":{"line":113,"column":4},"end":{"line":115,"column":5}},"type":"if","locations":[{"start":{"line":113,"column":4},"end":{"line":115,"column":5}},{"start":{},"end":{}}],"line":113},"15":{"loc":{"start":{"line":119,"column":4},"end":{"line":153,"column":5}},"type":"if","locations":[{"start":{"line":119,"column":4},"end":{"line":153,"column":5}},{"start":{},"end":{}}],"line":119},"16":{"loc":{"start":{"line":120,"column":25},"end":{"line":120,"column":48}},"type":"binary-expr","locations":[{"start":{"line":120,"column":25},"end":{"line":120,"column":37}},{"start":{"line":120,"column":41},"end":{"line":120,"column":48}}],"line":120},"17":{"loc":{"start":{"line":129,"column":6},"end":{"line":152,"column":7}},"type":"if","locations":[{"start":{"line":129,"column":6},"end":{"line":152,"column":7}},{"start":{},"end":{}}],"line":129},"18":{"loc":{"start":{"line":134,"column":21},"end":{"line":134,"column":109}},"type":"cond-expr","locations":[{"start":{"line":134,"column":51},"end":{"line":134,"column":91}},{"start":{"line":134,"column":94},"end":{"line":134,"column":109}}],"line":134},"19":{"loc":{"start":{"line":140,"column":10},"end":{"line":148,"column":11}},"type":"if","locations":[{"start":{"line":140,"column":10},"end":{"line":148,"column":11}},{"start":{},"end":{}}],"line":140},"20":{"loc":{"start":{"line":168,"column":4},"end":{"line":170,"column":5}},"type":"if","locations":[{"start":{"line":168,"column":4},"end":{"line":170,"column":5}},{"start":{},"end":{}}],"line":168},"21":{"loc":{"start":{"line":176,"column":4},"end":{"line":183,"column":5}},"type":"if","locations":[{"start":{"line":176,"column":4},"end":{"line":183,"column":5}},{"start":{},"end":{}}],"line":176},"22":{"loc":{"start":{"line":196,"column":20},"end":{"line":196,"column":49}},"type":"binary-expr","locations":[{"start":{"line":196,"column":20},"end":{"line":196,"column":36}},{"start":{"line":196,"column":40},"end":{"line":196,"column":49}}],"line":196},"23":{"loc":{"start":{"line":200,"column":4},"end":{"line":209,"column":5}},"type":"if","locations":[{"start":{"line":200,"column":4},"end":{"line":209,"column":5}},{"start":{"line":206,"column":11},"end":{"line":209,"column":5}}],"line":200},"24":{"loc":{"start":{"line":235,"column":4},"end":{"line":237,"column":5}},"type":"if","locations":[{"start":{"line":235,"column":4},"end":{"line":237,"column":5}},{"start":{},"end":{}}],"line":235},"25":{"loc":{"start":{"line":240,"column":4},"end":{"line":242,"column":5}},"type":"if","locations":[{"start":{"line":240,"column":4},"end":{"line":242,"column":5}},{"start":{},"end":{}}],"line":240},"26":{"loc":{"start":{"line":249,"column":4},"end":{"line":258,"column":5}},"type":"if","locations":[{"start":{"line":249,"column":4},"end":{"line":258,"column":5}},{"start":{},"end":{}}],"line":249},"27":{"loc":{"start":{"line":250,"column":25},"end":{"line":250,"column":64}},"type":"binary-expr","locations":[{"start":{"line":250,"column":25},"end":{"line":250,"column":45}},{"start":{"line":250,"column":49},"end":{"line":250,"column":64}}],"line":250},"28":{"loc":{"start":{"line":273,"column":4},"end":{"line":275,"column":5}},"type":"if","locations":[{"start":{"line":273,"column":4},"end":{"line":275,"column":5}},{"start":{},"end":{}}],"line":273},"29":{"loc":{"start":{"line":282,"column":4},"end":{"line":291,"column":5}},"type":"if","locations":[{"start":{"line":282,"column":4},"end":{"line":291,"column":5}},{"start":{},"end":{}}],"line":282},"30":{"loc":{"start":{"line":283,"column":25},"end":{"line":283,"column":64}},"type":"binary-expr","locations":[{"start":{"line":283,"column":25},"end":{"line":283,"column":45}},{"start":{"line":283,"column":49},"end":{"line":283,"column":64}}],"line":283},"31":{"loc":{"start":{"line":304,"column":20},"end":{"line":304,"column":49}},"type":"binary-expr","locations":[{"start":{"line":304,"column":20},"end":{"line":304,"column":36}},{"start":{"line":304,"column":40},"end":{"line":304,"column":49}}],"line":304},"32":{"loc":{"start":{"line":306,"column":4},"end":{"line":308,"column":5}},"type":"if","locations":[{"start":{"line":306,"column":4},"end":{"line":308,"column":5}},{"start":{},"end":{}}],"line":306},"33":{"loc":{"start":{"line":316,"column":4},"end":{"line":323,"column":5}},"type":"if","locations":[{"start":{"line":316,"column":4},"end":{"line":323,"column":5}},{"start":{"line":321,"column":11},"end":{"line":323,"column":5}}],"line":316},"34":{"loc":{"start":{"line":341,"column":20},"end":{"line":341,"column":49}},"type":"binary-expr","locations":[{"start":{"line":341,"column":20},"end":{"line":341,"column":36}},{"start":{"line":341,"column":40},"end":{"line":341,"column":49}}],"line":341},"35":{"loc":{"start":{"line":384,"column":4},"end":{"line":386,"column":5}},"type":"if","locations":[{"start":{"line":384,"column":4},"end":{"line":386,"column":5}},{"start":{},"end":{}}],"line":384},"36":{"loc":{"start":{"line":384,"column":8},"end":{"line":384,"column":41}},"type":"binary-expr","locations":[{"start":{"line":384,"column":8},"end":{"line":384,"column":19}},{"start":{"line":384,"column":23},"end":{"line":384,"column":41}}],"line":384},"37":{"loc":{"start":{"line":389,"column":4},"end":{"line":391,"column":5}},"type":"if","locations":[{"start":{"line":389,"column":4},"end":{"line":391,"column":5}},{"start":{},"end":{}}],"line":389},"38":{"loc":{"start":{"line":394,"column":4},"end":{"line":396,"column":5}},"type":"if","locations":[{"start":{"line":394,"column":4},"end":{"line":396,"column":5}},{"start":{},"end":{}}],"line":394},"39":{"loc":{"start":{"line":399,"column":4},"end":{"line":401,"column":5}},"type":"if","locations":[{"start":{"line":399,"column":4},"end":{"line":401,"column":5}},{"start":{},"end":{}}],"line":399},"40":{"loc":{"start":{"line":409,"column":4},"end":{"line":411,"column":5}},"type":"if","locations":[{"start":{"line":409,"column":4},"end":{"line":411,"column":5}},{"start":{},"end":{}}],"line":409},"41":{"loc":{"start":{"line":415,"column":4},"end":{"line":422,"column":5}},"type":"if","locations":[{"start":{"line":415,"column":4},"end":{"line":422,"column":5}},{"start":{},"end":{}}],"line":415},"42":{"loc":{"start":{"line":416,"column":25},"end":{"line":416,"column":64}},"type":"binary-expr","locations":[{"start":{"line":416,"column":25},"end":{"line":416,"column":45}},{"start":{"line":416,"column":49},"end":{"line":416,"column":64}}],"line":416},"43":{"loc":{"start":{"line":437,"column":4},"end":{"line":439,"column":5}},"type":"if","locations":[{"start":{"line":437,"column":4},"end":{"line":439,"column":5}},{"start":{},"end":{}}],"line":437},"44":{"loc":{"start":{"line":442,"column":22},"end":{"line":444,"column":31}},"type":"binary-expr","locations":[{"start":{"line":442,"column":22},"end":{"line":442,"column":78}},{"start":{"line":443,"column":6},"end":{"line":443,"column":33}},{"start":{"line":444,"column":6},"end":{"line":444,"column":31}}],"line":442},"45":{"loc":{"start":{"line":446,"column":4},"end":{"line":448,"column":5}},"type":"if","locations":[{"start":{"line":446,"column":4},"end":{"line":448,"column":5}},{"start":{},"end":{}}],"line":446},"46":{"loc":{"start":{"line":457,"column":4},"end":{"line":463,"column":5}},"type":"if","locations":[{"start":{"line":457,"column":4},"end":{"line":463,"column":5}},{"start":{},"end":{}}],"line":457},"47":{"loc":{"start":{"line":458,"column":25},"end":{"line":458,"column":64}},"type":"binary-expr","locations":[{"start":{"line":458,"column":25},"end":{"line":458,"column":45}},{"start":{"line":458,"column":49},"end":{"line":458,"column":64}}],"line":458},"48":{"loc":{"start":{"line":479,"column":4},"end":{"line":481,"column":5}},"type":"if","locations":[{"start":{"line":479,"column":4},"end":{"line":481,"column":5}},{"start":{},"end":{}}],"line":479},"49":{"loc":{"start":{"line":479,"column":8},"end":{"line":479,"column":64}},"type":"binary-expr","locations":[{"start":{"line":479,"column":8},"end":{"line":479,"column":35}},{"start":{"line":479,"column":39},"end":{"line":479,"column":64}}],"line":479},"50":{"loc":{"start":{"line":484,"column":4},"end":{"line":486,"column":5}},"type":"if","locations":[{"start":{"line":484,"column":4},"end":{"line":486,"column":5}},{"start":{},"end":{}}],"line":484},"51":{"loc":{"start":{"line":489,"column":23},"end":{"line":489,"column":51}},"type":"cond-expr","locations":[{"start":{"line":489,"column":34},"end":{"line":489,"column":44}},{"start":{"line":489,"column":47},"end":{"line":489,"column":51}}],"line":489},"52":{"loc":{"start":{"line":490,"column":23},"end":{"line":490,"column":53}},"type":"cond-expr","locations":[{"start":{"line":490,"column":34},"end":{"line":490,"column":46}},{"start":{"line":490,"column":49},"end":{"line":490,"column":53}}],"line":490},"53":{"loc":{"start":{"line":494,"column":4},"end":{"line":496,"column":5}},"type":"if","locations":[{"start":{"line":494,"column":4},"end":{"line":496,"column":5}},{"start":{},"end":{}}],"line":494},"54":{"loc":{"start":{"line":500,"column":4},"end":{"line":507,"column":5}},"type":"if","locations":[{"start":{"line":500,"column":4},"end":{"line":507,"column":5}},{"start":{},"end":{}}],"line":500},"55":{"loc":{"start":{"line":501,"column":25},"end":{"line":501,"column":64}},"type":"binary-expr","locations":[{"start":{"line":501,"column":25},"end":{"line":501,"column":45}},{"start":{"line":501,"column":49},"end":{"line":501,"column":64}}],"line":501},"56":{"loc":{"start":{"line":519,"column":20},"end":{"line":519,"column":49}},"type":"binary-expr","locations":[{"start":{"line":519,"column":20},"end":{"line":519,"column":36}},{"start":{"line":519,"column":40},"end":{"line":519,"column":49}}],"line":519},"57":{"loc":{"start":{"line":524,"column":4},"end":{"line":531,"column":5}},"type":"if","locations":[{"start":{"line":524,"column":4},"end":{"line":531,"column":5}},{"start":{"line":529,"column":11},"end":{"line":531,"column":5}}],"line":524},"58":{"loc":{"start":{"line":549,"column":20},"end":{"line":549,"column":49}},"type":"binary-expr","locations":[{"start":{"line":549,"column":20},"end":{"line":549,"column":36}},{"start":{"line":549,"column":40},"end":{"line":549,"column":49}}],"line":549},"59":{"loc":{"start":{"line":567,"column":4},"end":{"line":569,"column":5}},"type":"if","locations":[{"start":{"line":567,"column":4},"end":{"line":569,"column":5}},{"start":{},"end":{}}],"line":567},"60":{"loc":{"start":{"line":567,"column":8},"end":{"line":567,"column":44}},"type":"binary-expr","locations":[{"start":{"line":567,"column":8},"end":{"line":567,"column":18}},{"start":{"line":567,"column":22},"end":{"line":567,"column":44}}],"line":567}},"s":{"0":0,"1":0,"2":0,"3":0,"4":0,"5":0,"6":0,"7":0,"8":0,"9":0,"10":0,"11":0,"12":0,"13":0,"14":0,"15":0,"16":0,"17":0,"18":0,"19":0,"20":0,"21":0,"22":0,"23":0,"24":0,"25":0,"26":0,"27":0,"28":0,"29":0,"30":0,"31":0,"32":0,"33":0,"34":0,"35":0,"36":0,"37":0,"38":0,"39":0,"40":0,"41":0,"42":0,"43":0,"44":0,"45":0,"46":0,"47":0,"48":0,"49":0,"50":0,"51":0,"52":0,"53":0,"54":0,"55":0,"56":0,"57":0,"58":0,"59":0,"60":0,"61":0,"62":0,"63":0,"64":0,"65":0,"66":0,"67":0,"68":0,"69":0,"70":0,"71":0,"72":0,"73":0,"74":0,"75":0,"76":0,"77":0,"78":0,"79":0,"80":0,"81":0,"82":0,"83":0,"84":0,"85":0,"86":0,"87":0,"88":0,"89":0,"90":0,"91":0,"92":0,"93":0,"94":0,"95":0,"96":0,"97":0,"98":0,"99":0,"100":0,"101":0,"102":0,"103":0,"104":0,"105":0,"106":0,"107":0,"108":0,"109":0,"110":0,"111":0,"112":0,"113":0,"114":0,"115":0,"116":0,"117":0,"118":0,"119":0,"120":0,"121":0,"122":0,"123":0,"124":0,"125":0,"126":0,"127":0,"128":0,"129":0,"130":0,"131":0,"132":0,"133":0,"134":0,"135":0,"136":0,"137":0,"138":0,"139":0,"140":0,"141":0,"142":0,"143":0,"144":0,"145":0,"146":0,"147":0,"148":0,"149":0,"150":0,"151":0,"152":0,"153":0,"154":0,"155":0,"156":0,"157":0,"158":0,"159":0,"160":0,"161":0,"162":0,"163":0,"164":0,"165":0,"166":0,"167":0,"168":0,"169":0,"170":0,"171":0,"172":0,"173":0,"174":0,"175":0,"176":0,"177":0,"178":0,"179":0,"180":0,"181":0,"182":0,"183":0,"184":0,"185":0,"186":0,"187":0,"188":0,"189":0,"190":0,"191":0,"192":0,"193":0,"194":0,"195":0,"196":0,"197":0,"198":0,"199":0,"200":0,"201":0,"202":0,"203":0,"204":0,"205":0,"206":0,"207":0,"208":0,"209":0,"210":0,"211":0,"212":0,"213":0,"214":0,"215":0,"216":0,"217":0,"218":0,"219":0,"220":0,"221":0,"222":0,"223":0,"224":0,"225":0,"226":0,"227":0,"228":0,"229":0,"230":0,"231":0,"232":0,"233":0,"234":0,"235":0,"236":0,"237":0,"238":0,"239":0,"240":0,"241":0,"242":0,"243":0,"244":0},"f":{"0":0,"1":0,"2":0,"3":0,"4":0,"5":0,"6":0,"7":0,"8":0,"9":0,"10":0,"11":0,"12":0,"13":0,"14":0,"15":0,"16":0,"17":0},"b":{"0":[0,0],"1":[0,0],"2":[0,0],"3":[0],"4":[0],"5":[0],"6":[0,0],"7":[0,0],"8":[0,0],"9":[0,0],"10":[0,0],"11":[0,0],"12":[0,0],"13":[0,0],"14":[0,0],"15":[0,0],"16":[0,0],"17":[0,0],"18":[0,0],"19":[0,0],"20":[0,0],"21":[0,0],"22":[0,0],"23":[0,0],"24":[0,0],"25":[0,0],"26":[0,0],"27":[0,0],"28":[0,0],"29":[0,0],"30":[0,0],"31":[0,0],"32":[0,0],"33":[0,0],"34":[0,0],"35":[0,0],"36":[0,0],"37":[0,0],"38":[0,0],"39":[0,0],"40":[0,0],"41":[0,0],"42":[0,0],"43":[0,0],"44":[0,0,0],"45":[0,0],"46":[0,0],"47":[0,0],"48":[0,0],"49":[0,0],"50":[0,0],"51":[0,0],"52":[0,0],"53":[0,0],"54":[0,0],"55":[0,0],"56":[0,0],"57":[0,0],"58":[0,0],"59":[0,0],"60":[0,0]}}}}
